{"C:\\Users\\agaray\\Documents\\Aceyus\\testReact\\proyecto\\src\\App.js": {"path":"C:\\Users\\agaray\\Documents\\Aceyus\\testReact\\proyecto\\src\\App.js","statementMap":{"0":{"start":{"line":19,"column":2},"end":{"line":45,"column":4}}},"fnMap":{"0":{"name":"App","decl":{"start":{"line":18,"column":9},"end":{"line":18,"column":12}},"loc":{"start":{"line":18,"column":15},"end":{"line":46,"column":1}},"line":18}},"branchMap":{},"s":{"0":0},"f":{"0":0},"b":{}}
,"C:\\Users\\agaray\\Documents\\Aceyus\\testReact\\proyecto\\src\\index.js": {"path":"C:\\Users\\agaray\\Documents\\Aceyus\\testReact\\proyecto\\src\\index.js","statementMap":{"0":{"start":{"line":10,"column":13},"end":{"line":10,"column":65}},"1":{"start":{"line":11,"column":0},"end":{"line":17,"column":2}},"2":{"start":{"line":22,"column":0},"end":{"line":22,"column":18}}},"fnMap":{},"branchMap":{},"s":{"0":0,"1":0,"2":0},"f":{},"b":{}}
,"C:\\Users\\agaray\\Documents\\Aceyus\\testReact\\proyecto\\src\\dash\\dashaceyus.js": {"path":"C:\\Users\\agaray\\Documents\\Aceyus\\testReact\\proyecto\\src\\dash\\dashaceyus.js","statementMap":{"0":{"start":{"line":15,"column":19},"end":{"line":722,"column":1}},"1":{"start":{"line":16,"column":31},"end":{"line":16,"column":67}},"2":{"start":{"line":17,"column":36},"end":{"line":17,"column":47}},"3":{"start":{"line":18,"column":36},"end":{"line":18,"column":47}},"4":{"start":{"line":19,"column":40},"end":{"line":19,"column":51}},"5":{"start":{"line":20,"column":46},"end":{"line":20,"column":57}},"6":{"start":{"line":21,"column":48},"end":{"line":21,"column":59}},"7":{"start":{"line":22,"column":48},"end":{"line":22,"column":59}},"8":{"start":{"line":23,"column":58},"end":{"line":23,"column":69}},"9":{"start":{"line":24,"column":60},"end":{"line":24,"column":71}},"10":{"start":{"line":25,"column":54},"end":{"line":25,"column":65}},"11":{"start":{"line":26,"column":60},"end":{"line":26,"column":71}},"12":{"start":{"line":27,"column":56},"end":{"line":27,"column":67}},"13":{"start":{"line":28,"column":58},"end":{"line":28,"column":69}},"14":{"start":{"line":29,"column":54},"end":{"line":29,"column":65}},"15":{"start":{"line":30,"column":52},"end":{"line":30,"column":63}},"16":{"start":{"line":31,"column":52},"end":{"line":31,"column":63}},"17":{"start":{"line":32,"column":58},"end":{"line":32,"column":69}},"18":{"start":{"line":33,"column":56},"end":{"line":33,"column":67}},"19":{"start":{"line":34,"column":39},"end":{"line":34,"column":50}},"20":{"start":{"line":35,"column":58},"end":{"line":35,"column":69}},"21":{"start":{"line":36,"column":60},"end":{"line":36,"column":71}},"22":{"start":{"line":37,"column":54},"end":{"line":37,"column":65}},"23":{"start":{"line":38,"column":56},"end":{"line":38,"column":67}},"24":{"start":{"line":39,"column":46},"end":{"line":39,"column":57}},"25":{"start":{"line":40,"column":62},"end":{"line":40,"column":73}},"26":{"start":{"line":41,"column":54},"end":{"line":41,"column":65}},"27":{"start":{"line":42,"column":54},"end":{"line":42,"column":65}},"28":{"start":{"line":43,"column":58},"end":{"line":43,"column":69}},"29":{"start":{"line":44,"column":54},"end":{"line":44,"column":65}},"30":{"start":{"line":45,"column":60},"end":{"line":45,"column":71}},"31":{"start":{"line":46,"column":58},"end":{"line":46,"column":69}},"32":{"start":{"line":48,"column":4},"end":{"line":121,"column":6}},"33":{"start":{"line":49,"column":8},"end":{"line":120,"column":15}},"34":{"start":{"line":51,"column":29},"end":{"line":51,"column":47}},"35":{"start":{"line":52,"column":33},"end":{"line":52,"column":49}},"36":{"start":{"line":53,"column":38},"end":{"line":53,"column":61}},"37":{"start":{"line":54,"column":39},"end":{"line":54,"column":60}},"38":{"start":{"line":55,"column":35},"end":{"line":55,"column":53}},"39":{"start":{"line":56,"column":44},"end":{"line":56,"column":67}},"40":{"start":{"line":57,"column":45},"end":{"line":57,"column":69}},"41":{"start":{"line":58,"column":42},"end":{"line":58,"column":63}},"42":{"start":{"line":59,"column":45},"end":{"line":59,"column":68}},"43":{"start":{"line":60,"column":43},"end":{"line":60,"column":73}},"44":{"start":{"line":61,"column":44},"end":{"line":61,"column":70}},"45":{"start":{"line":62,"column":42},"end":{"line":62,"column":66}},"46":{"start":{"line":63,"column":41},"end":{"line":63,"column":68}},"47":{"start":{"line":64,"column":41},"end":{"line":64,"column":61}},"48":{"start":{"line":65,"column":44},"end":{"line":65,"column":65}},"49":{"start":{"line":66,"column":43},"end":{"line":66,"column":65}},"50":{"start":{"line":67,"column":33},"end":{"line":67,"column":49}},"51":{"start":{"line":68,"column":39},"end":{"line":68,"column":56}},"52":{"start":{"line":69,"column":44},"end":{"line":69,"column":66}},"53":{"start":{"line":70,"column":34},"end":{"line":70,"column":46}},"54":{"start":{"line":71,"column":42},"end":{"line":71,"column":63}},"55":{"start":{"line":72,"column":42},"end":{"line":72,"column":63}},"56":{"start":{"line":73,"column":44},"end":{"line":73,"column":67}},"57":{"start":{"line":74,"column":42},"end":{"line":74,"column":63}},"58":{"start":{"line":75,"column":45},"end":{"line":75,"column":69}},"59":{"start":{"line":76,"column":44},"end":{"line":76,"column":66}},"60":{"start":{"line":78,"column":36},"end":{"line":78,"column":56}},"61":{"start":{"line":79,"column":45},"end":{"line":79,"column":68}},"62":{"start":{"line":80,"column":42},"end":{"line":80,"column":67}},"63":{"start":{"line":81,"column":43},"end":{"line":81,"column":67}},"64":{"start":{"line":82,"column":38},"end":{"line":82,"column":57}},"65":{"start":{"line":83,"column":46},"end":{"line":83,"column":69}},"66":{"start":{"line":85,"column":16},"end":{"line":85,"column":38}},"67":{"start":{"line":86,"column":16},"end":{"line":86,"column":38}},"68":{"start":{"line":87,"column":16},"end":{"line":87,"column":48}},"69":{"start":{"line":88,"column":16},"end":{"line":88,"column":50}},"70":{"start":{"line":89,"column":16},"end":{"line":89,"column":50}},"71":{"start":{"line":90,"column":16},"end":{"line":90,"column":60}},"72":{"start":{"line":91,"column":16},"end":{"line":91,"column":41}},"73":{"start":{"line":92,"column":16},"end":{"line":92,"column":42}},"74":{"start":{"line":93,"column":16},"end":{"line":93,"column":60}},"75":{"start":{"line":94,"column":16},"end":{"line":94,"column":62}},"76":{"start":{"line":95,"column":16},"end":{"line":95,"column":56}},"77":{"start":{"line":96,"column":16},"end":{"line":96,"column":62}},"78":{"start":{"line":97,"column":16},"end":{"line":97,"column":58}},"79":{"start":{"line":98,"column":16},"end":{"line":98,"column":60}},"80":{"start":{"line":99,"column":16},"end":{"line":99,"column":56}},"81":{"start":{"line":100,"column":16},"end":{"line":100,"column":54}},"82":{"start":{"line":101,"column":16},"end":{"line":101,"column":54}},"83":{"start":{"line":102,"column":16},"end":{"line":102,"column":60}},"84":{"start":{"line":103,"column":16},"end":{"line":103,"column":58}},"85":{"start":{"line":104,"column":16},"end":{"line":104,"column":56}},"86":{"start":{"line":105,"column":16},"end":{"line":105,"column":56}},"87":{"start":{"line":106,"column":16},"end":{"line":106,"column":60}},"88":{"start":{"line":107,"column":16},"end":{"line":107,"column":56}},"89":{"start":{"line":108,"column":16},"end":{"line":108,"column":62}},"90":{"start":{"line":109,"column":16},"end":{"line":109,"column":60}},"91":{"start":{"line":110,"column":16},"end":{"line":110,"column":62}},"92":{"start":{"line":111,"column":16},"end":{"line":111,"column":56}},"93":{"start":{"line":112,"column":16},"end":{"line":112,"column":58}},"94":{"start":{"line":113,"column":16},"end":{"line":113,"column":48}},"95":{"start":{"line":114,"column":16},"end":{"line":114,"column":64}},"96":{"start":{"line":119,"column":16},"end":{"line":119,"column":79}},"97":{"start":{"line":127,"column":19},"end":{"line":131,"column":5}},"98":{"start":{"line":133,"column":19},"end":{"line":133,"column":74}},"99":{"start":{"line":136,"column":19},"end":{"line":139,"column":7}},"100":{"start":{"line":136,"column":49},"end":{"line":139,"column":5}},"101":{"start":{"line":142,"column":23},"end":{"line":142,"column":71}},"102":{"start":{"line":142,"column":53},"end":{"line":142,"column":70}},"103":{"start":{"line":145,"column":25},"end":{"line":145,"column":59}},"104":{"start":{"line":145,"column":48},"end":{"line":145,"column":58}},"105":{"start":{"line":146,"column":25},"end":{"line":146,"column":59}},"106":{"start":{"line":146,"column":48},"end":{"line":146,"column":58}},"107":{"start":{"line":148,"column":17},"end":{"line":163,"column":5}},"108":{"start":{"line":165,"column":20},"end":{"line":194,"column":5}},"109":{"start":{"line":186,"column":20},"end":{"line":186,"column":33}},"110":{"start":{"line":200,"column":25},"end":{"line":213,"column":5}},"111":{"start":{"line":216,"column":27},"end":{"line":226,"column":5}},"112":{"start":{"line":221,"column":33},"end":{"line":221,"column":38}},"113":{"start":{"line":223,"column":12},"end":{"line":223,"column":23}},"114":{"start":{"line":229,"column":31},"end":{"line":248,"column":5}},"115":{"start":{"line":254,"column":23},"end":{"line":264,"column":5}},"116":{"start":{"line":266,"column":18},"end":{"line":268,"column":5}},"117":{"start":{"line":270,"column":17},"end":{"line":272,"column":5}},"118":{"start":{"line":274,"column":19},"end":{"line":276,"column":5}},"119":{"start":{"line":278,"column":17},"end":{"line":280,"column":5}},"120":{"start":{"line":282,"column":19},"end":{"line":284,"column":5}},"121":{"start":{"line":286,"column":17},"end":{"line":288,"column":5}},"122":{"start":{"line":290,"column":27},"end":{"line":293,"column":5}},"123":{"start":{"line":295,"column":27},"end":{"line":299,"column":5}},"124":{"start":{"line":302,"column":19},"end":{"line":316,"column":5}},"125":{"start":{"line":318,"column":23},"end":{"line":321,"column":5}},"126":{"start":{"line":323,"column":27},"end":{"line":325,"column":5}},"127":{"start":{"line":327,"column":24},"end":{"line":331,"column":5}},"128":{"start":{"line":334,"column":18},"end":{"line":336,"column":5}},"129":{"start":{"line":338,"column":18},"end":{"line":340,"column":5}},"130":{"start":{"line":342,"column":16},"end":{"line":344,"column":5}},"131":{"start":{"line":345,"column":19},"end":{"line":347,"column":5}},"132":{"start":{"line":349,"column":17},"end":{"line":351,"column":5}},"133":{"start":{"line":353,"column":18},"end":{"line":355,"column":5}},"134":{"start":{"line":357,"column":24},"end":{"line":361,"column":5}},"135":{"start":{"line":363,"column":17},"end":{"line":367,"column":5}},"136":{"start":{"line":370,"column":33},"end":{"line":375,"column":5}},"137":{"start":{"line":376,"column":30},"end":{"line":381,"column":5}},"138":{"start":{"line":384,"column":31},"end":{"line":389,"column":5}},"139":{"start":{"line":392,"column":33},"end":{"line":397,"column":5}},"140":{"start":{"line":400,"column":36},"end":{"line":405,"column":5}},"141":{"start":{"line":408,"column":23},"end":{"line":410,"column":5}},"142":{"start":{"line":412,"column":20},"end":{"line":412,"column":29}},"143":{"start":{"line":414,"column":4},"end":{"line":418,"column":5}},"144":{"start":{"line":415,"column":8},"end":{"line":415,"column":30}},"145":{"start":{"line":416,"column":11},"end":{"line":418,"column":5}},"146":{"start":{"line":417,"column":8},"end":{"line":417,"column":30}},"147":{"start":{"line":420,"column":20},"end":{"line":420,"column":29}},"148":{"start":{"line":421,"column":4},"end":{"line":425,"column":5}},"149":{"start":{"line":422,"column":8},"end":{"line":422,"column":30}},"150":{"start":{"line":423,"column":11},"end":{"line":425,"column":5}},"151":{"start":{"line":424,"column":8},"end":{"line":424,"column":30}},"152":{"start":{"line":427,"column":22},"end":{"line":429,"column":5}},"153":{"start":{"line":431,"column":22},"end":{"line":433,"column":5}},"154":{"start":{"line":435,"column":23},"end":{"line":437,"column":5}},"155":{"start":{"line":439,"column":23},"end":{"line":445,"column":5}},"156":{"start":{"line":447,"column":26},"end":{"line":450,"column":5}},"157":{"start":{"line":452,"column":19},"end":{"line":457,"column":5}},"158":{"start":{"line":459,"column":22},"end":{"line":464,"column":5}},"159":{"start":{"line":466,"column":21},"end":{"line":471,"column":5}},"160":{"start":{"line":473,"column":21},"end":{"line":475,"column":5}},"161":{"start":{"line":478,"column":22},"end":{"line":478,"column":50}},"162":{"start":{"line":479,"column":22},"end":{"line":479,"column":69}},"163":{"start":{"line":480,"column":21},"end":{"line":480,"column":67}},"164":{"start":{"line":481,"column":22},"end":{"line":481,"column":50}},"165":{"start":{"line":482,"column":20},"end":{"line":482,"column":46}},"166":{"start":{"line":483,"column":21},"end":{"line":483,"column":48}},"167":{"start":{"line":484,"column":23},"end":{"line":484,"column":52}},"168":{"start":{"line":485,"column":22},"end":{"line":485,"column":64}},"169":{"start":{"line":486,"column":28},"end":{"line":486,"column":74}},"170":{"start":{"line":487,"column":31},"end":{"line":487,"column":77}},"171":{"start":{"line":488,"column":30},"end":{"line":488,"column":75}},"172":{"start":{"line":489,"column":27},"end":{"line":489,"column":88}},"173":{"start":{"line":490,"column":27},"end":{"line":490,"column":72}},"174":{"start":{"line":491,"column":27},"end":{"line":491,"column":72}},"175":{"start":{"line":492,"column":29},"end":{"line":492,"column":76}},"176":{"start":{"line":493,"column":24},"end":{"line":493,"column":86}},"177":{"start":{"line":497,"column":4},"end":{"line":721,"column":6}}},"fnMap":{"0":{"name":"(anonymous_0)","decl":{"start":{"line":15,"column":19},"end":{"line":15,"column":20}},"loc":{"start":{"line":15,"column":25},"end":{"line":722,"column":1}},"line":15},"1":{"name":"(anonymous_1)","decl":{"start":{"line":48,"column":14},"end":{"line":48,"column":15}},"loc":{"start":{"line":48,"column":20},"end":{"line":121,"column":5}},"line":48},"2":{"name":"(anonymous_2)","decl":{"start":{"line":50,"column":18},"end":{"line":50,"column":19}},"loc":{"start":{"line":50,"column":30},"end":{"line":117,"column":13}},"line":50},"3":{"name":"(anonymous_3)","decl":{"start":{"line":118,"column":19},"end":{"line":118,"column":20}},"loc":{"start":{"line":118,"column":28},"end":{"line":120,"column":13}},"line":118},"4":{"name":"(anonymous_4)","decl":{"start":{"line":136,"column":30},"end":{"line":136,"column":31}},"loc":{"start":{"line":136,"column":49},"end":{"line":139,"column":5}},"line":136},"5":{"name":"(anonymous_5)","decl":{"start":{"line":142,"column":43},"end":{"line":142,"column":44}},"loc":{"start":{"line":142,"column":53},"end":{"line":142,"column":70}},"line":142},"6":{"name":"(anonymous_6)","decl":{"start":{"line":145,"column":40},"end":{"line":145,"column":41}},"loc":{"start":{"line":145,"column":48},"end":{"line":145,"column":58}},"line":145},"7":{"name":"(anonymous_7)","decl":{"start":{"line":146,"column":40},"end":{"line":146,"column":41}},"loc":{"start":{"line":146,"column":48},"end":{"line":146,"column":58}},"line":146},"8":{"name":"(anonymous_8)","decl":{"start":{"line":185,"column":27},"end":{"line":185,"column":28}},"loc":{"start":{"line":185,"column":50},"end":{"line":187,"column":17}},"line":185},"9":{"name":"(anonymous_9)","decl":{"start":{"line":218,"column":8},"end":{"line":218,"column":9}},"loc":{"start":{"line":218,"column":54},"end":{"line":225,"column":9}},"line":218}},"branchMap":{"0":{"loc":{"start":{"line":371,"column":25},"end":{"line":371,"column":86}},"type":"cond-expr","locations":[{"start":{"line":371,"column":65},"end":{"line":371,"column":74}},{"start":{"line":371,"column":77},"end":{"line":371,"column":86}}],"line":371},"1":{"loc":{"start":{"line":377,"column":25},"end":{"line":377,"column":83}},"type":"cond-expr","locations":[{"start":{"line":377,"column":62},"end":{"line":377,"column":71}},{"start":{"line":377,"column":74},"end":{"line":377,"column":83}}],"line":377},"2":{"loc":{"start":{"line":385,"column":25},"end":{"line":385,"column":84}},"type":"cond-expr","locations":[{"start":{"line":385,"column":63},"end":{"line":385,"column":72}},{"start":{"line":385,"column":75},"end":{"line":385,"column":84}}],"line":385},"3":{"loc":{"start":{"line":393,"column":25},"end":{"line":393,"column":79}},"type":"cond-expr","locations":[{"start":{"line":393,"column":58},"end":{"line":393,"column":67}},{"start":{"line":393,"column":70},"end":{"line":393,"column":79}}],"line":393},"4":{"loc":{"start":{"line":401,"column":25},"end":{"line":401,"column":87}},"type":"cond-expr","locations":[{"start":{"line":401,"column":66},"end":{"line":401,"column":75}},{"start":{"line":401,"column":78},"end":{"line":401,"column":87}}],"line":401},"5":{"loc":{"start":{"line":409,"column":15},"end":{"line":409,"column":65}},"type":"cond-expr","locations":[{"start":{"line":409,"column":44},"end":{"line":409,"column":53}},{"start":{"line":409,"column":56},"end":{"line":409,"column":65}}],"line":409},"6":{"loc":{"start":{"line":414,"column":4},"end":{"line":418,"column":5}},"type":"if","locations":[{"start":{"line":414,"column":4},"end":{"line":418,"column":5}},{"start":{"line":416,"column":11},"end":{"line":418,"column":5}}],"line":414},"7":{"loc":{"start":{"line":416,"column":11},"end":{"line":418,"column":5}},"type":"if","locations":[{"start":{"line":416,"column":11},"end":{"line":418,"column":5}},{"start":{},"end":{}}],"line":416},"8":{"loc":{"start":{"line":421,"column":4},"end":{"line":425,"column":5}},"type":"if","locations":[{"start":{"line":421,"column":4},"end":{"line":425,"column":5}},{"start":{"line":423,"column":11},"end":{"line":425,"column":5}}],"line":421},"9":{"loc":{"start":{"line":423,"column":11},"end":{"line":425,"column":5}},"type":"if","locations":[{"start":{"line":423,"column":11},"end":{"line":425,"column":5}},{"start":{},"end":{}}],"line":423},"10":{"loc":{"start":{"line":423,"column":15},"end":{"line":423,"column":62}},"type":"binary-expr","locations":[{"start":{"line":423,"column":15},"end":{"line":423,"column":37}},{"start":{"line":423,"column":41},"end":{"line":423,"column":62}}],"line":423}},"s":{"0":0,"1":0,"2":0,"3":0,"4":0,"5":0,"6":0,"7":0,"8":0,"9":0,"10":0,"11":0,"12":0,"13":0,"14":0,"15":0,"16":0,"17":0,"18":0,"19":0,"20":0,"21":0,"22":0,"23":0,"24":0,"25":0,"26":0,"27":0,"28":0,"29":0,"30":0,"31":0,"32":0,"33":0,"34":0,"35":0,"36":0,"37":0,"38":0,"39":0,"40":0,"41":0,"42":0,"43":0,"44":0,"45":0,"46":0,"47":0,"48":0,"49":0,"50":0,"51":0,"52":0,"53":0,"54":0,"55":0,"56":0,"57":0,"58":0,"59":0,"60":0,"61":0,"62":0,"63":0,"64":0,"65":0,"66":0,"67":0,"68":0,"69":0,"70":0,"71":0,"72":0,"73":0,"74":0,"75":0,"76":0,"77":0,"78":0,"79":0,"80":0,"81":0,"82":0,"83":0,"84":0,"85":0,"86":0,"87":0,"88":0,"89":0,"90":0,"91":0,"92":0,"93":0,"94":0,"95":0,"96":0,"97":0,"98":0,"99":0,"100":0,"101":0,"102":0,"103":0,"104":0,"105":0,"106":0,"107":0,"108":0,"109":0,"110":0,"111":0,"112":0,"113":0,"114":0,"115":0,"116":0,"117":0,"118":0,"119":0,"120":0,"121":0,"122":0,"123":0,"124":0,"125":0,"126":0,"127":0,"128":0,"129":0,"130":0,"131":0,"132":0,"133":0,"134":0,"135":0,"136":0,"137":0,"138":0,"139":0,"140":0,"141":0,"142":0,"143":0,"144":0,"145":0,"146":0,"147":0,"148":0,"149":0,"150":0,"151":0,"152":0,"153":0,"154":0,"155":0,"156":0,"157":0,"158":0,"159":0,"160":0,"161":0,"162":0,"163":0,"164":0,"165":0,"166":0,"167":0,"168":0,"169":0,"170":0,"171":0,"172":0,"173":0,"174":0,"175":0,"176":0,"177":0},"f":{"0":0,"1":0,"2":0,"3":0,"4":0,"5":0,"6":0,"7":0,"8":0,"9":0},"b":{"0":[0,0],"1":[0,0],"2":[0,0],"3":[0,0],"4":[0,0],"5":[0,0],"6":[0,0],"7":[0,0],"8":[0,0],"9":[0,0],"10":[0,0]}}
,"C:\\Users\\agaray\\Documents\\Aceyus\\testReact\\proyecto\\src\\dash\\dashboard.js": {"path":"C:\\Users\\agaray\\Documents\\Aceyus\\testReact\\proyecto\\src\\dash\\dashboard.js","statementMap":{"0":{"start":{"line":9,"column":0},"end":{"line":9,"column":130}},"1":{"start":{"line":12,"column":36},"end":{"line":12,"column":47}},"2":{"start":{"line":13,"column":36},"end":{"line":13,"column":47}},"3":{"start":{"line":14,"column":32},"end":{"line":14,"column":43}},"4":{"start":{"line":15,"column":28},"end":{"line":15,"column":64}},"5":{"start":{"line":16,"column":32},"end":{"line":16,"column":43}},"6":{"start":{"line":17,"column":32},"end":{"line":17,"column":43}},"7":{"start":{"line":20,"column":4},"end":{"line":85,"column":11}},"8":{"start":{"line":22,"column":8},"end":{"line":44,"column":15}},"9":{"start":{"line":24,"column":29},"end":{"line":24,"column":53}},"10":{"start":{"line":25,"column":33},"end":{"line":25,"column":49}},"11":{"start":{"line":26,"column":33},"end":{"line":26,"column":49}},"12":{"start":{"line":27,"column":16},"end":{"line":27,"column":38}},"13":{"start":{"line":28,"column":16},"end":{"line":28,"column":38}},"14":{"start":{"line":29,"column":16},"end":{"line":29,"column":38}},"15":{"start":{"line":30,"column":16},"end":{"line":30,"column":38}},"16":{"start":{"line":32,"column":16},"end":{"line":40,"column":17}},"17":{"start":{"line":34,"column":20},"end":{"line":39,"column":23}},"18":{"start":{"line":43,"column":16},"end":{"line":43,"column":79}},"19":{"start":{"line":47,"column":8},"end":{"line":59,"column":15}},"20":{"start":{"line":49,"column":40},"end":{"line":49,"column":74}},"21":{"start":{"line":50,"column":31},"end":{"line":50,"column":59}},"22":{"start":{"line":51,"column":31},"end":{"line":51,"column":61}},"23":{"start":{"line":54,"column":16},"end":{"line":54,"column":44}},"24":{"start":{"line":58,"column":16},"end":{"line":58,"column":79}},"25":{"start":{"line":62,"column":8},"end":{"line":71,"column":15}},"26":{"start":{"line":64,"column":29},"end":{"line":64,"column":47}},"27":{"start":{"line":66,"column":16},"end":{"line":66,"column":41}},"28":{"start":{"line":67,"column":16},"end":{"line":67,"column":40}},"29":{"start":{"line":70,"column":16},"end":{"line":70,"column":79}},"30":{"start":{"line":74,"column":8},"end":{"line":81,"column":15}},"31":{"start":{"line":76,"column":31},"end":{"line":76,"column":60}},"32":{"start":{"line":77,"column":16},"end":{"line":77,"column":34}},"33":{"start":{"line":80,"column":16},"end":{"line":80,"column":79}},"34":{"start":{"line":87,"column":22},"end":{"line":98,"column":5}},"35":{"start":{"line":100,"column":25},"end":{"line":111,"column":5}},"36":{"start":{"line":114,"column":25},"end":{"line":127,"column":5}},"37":{"start":{"line":129,"column":25},"end":{"line":142,"column":5}},"38":{"start":{"line":144,"column":26},"end":{"line":149,"column":5}},"39":{"start":{"line":151,"column":4},"end":{"line":238,"column":6}}},"fnMap":{"0":{"name":"Dash","decl":{"start":{"line":11,"column":9},"end":{"line":11,"column":13}},"loc":{"start":{"line":11,"column":16},"end":{"line":240,"column":1}},"line":11},"1":{"name":"(anonymous_1)","decl":{"start":{"line":20,"column":14},"end":{"line":20,"column":15}},"loc":{"start":{"line":20,"column":20},"end":{"line":85,"column":5}},"line":20},"2":{"name":"(anonymous_2)","decl":{"start":{"line":23,"column":18},"end":{"line":23,"column":19}},"loc":{"start":{"line":23,"column":30},"end":{"line":41,"column":13}},"line":23},"3":{"name":"(anonymous_3)","decl":{"start":{"line":42,"column":19},"end":{"line":42,"column":20}},"loc":{"start":{"line":42,"column":28},"end":{"line":44,"column":13}},"line":42},"4":{"name":"(anonymous_4)","decl":{"start":{"line":48,"column":18},"end":{"line":48,"column":19}},"loc":{"start":{"line":48,"column":30},"end":{"line":56,"column":13}},"line":48},"5":{"name":"(anonymous_5)","decl":{"start":{"line":57,"column":19},"end":{"line":57,"column":20}},"loc":{"start":{"line":57,"column":28},"end":{"line":59,"column":13}},"line":57},"6":{"name":"(anonymous_6)","decl":{"start":{"line":63,"column":18},"end":{"line":63,"column":19}},"loc":{"start":{"line":63,"column":32},"end":{"line":68,"column":13}},"line":63},"7":{"name":"(anonymous_7)","decl":{"start":{"line":69,"column":19},"end":{"line":69,"column":20}},"loc":{"start":{"line":69,"column":30},"end":{"line":71,"column":13}},"line":69},"8":{"name":"(anonymous_8)","decl":{"start":{"line":75,"column":18},"end":{"line":75,"column":19}},"loc":{"start":{"line":75,"column":30},"end":{"line":78,"column":13}},"line":75},"9":{"name":"(anonymous_9)","decl":{"start":{"line":79,"column":19},"end":{"line":79,"column":20}},"loc":{"start":{"line":79,"column":28},"end":{"line":81,"column":13}},"line":79}},"branchMap":{"0":{"loc":{"start":{"line":32,"column":16},"end":{"line":40,"column":17}},"type":"if","locations":[{"start":{"line":32,"column":16},"end":{"line":40,"column":17}},{"start":{},"end":{}}],"line":32},"1":{"loc":{"start":{"line":209,"column":29},"end":{"line":217,"column":29}},"type":"cond-expr","locations":[{"start":{"line":210,"column":32},"end":{"line":214,"column":37}},{"start":{"line":216,"column":32},"end":{"line":216,"column":72}}],"line":209},"2":{"loc":{"start":{"line":219,"column":29},"end":{"line":227,"column":29}},"type":"cond-expr","locations":[{"start":{"line":220,"column":32},"end":{"line":224,"column":37}},{"start":{"line":226,"column":32},"end":{"line":226,"column":71}}],"line":219}},"s":{"0":0,"1":0,"2":0,"3":0,"4":0,"5":0,"6":0,"7":0,"8":0,"9":0,"10":0,"11":0,"12":0,"13":0,"14":0,"15":0,"16":0,"17":0,"18":0,"19":0,"20":0,"21":0,"22":0,"23":0,"24":0,"25":0,"26":0,"27":0,"28":0,"29":0,"30":0,"31":0,"32":0,"33":0,"34":0,"35":0,"36":0,"37":0,"38":0,"39":0},"f":{"0":0,"1":0,"2":0,"3":0,"4":0,"5":0,"6":0,"7":0,"8":0,"9":0},"b":{"0":[0,0],"1":[0,0],"2":[0,0]}}
,"C:\\Users\\agaray\\Documents\\Aceyus\\testReact\\proyecto\\src\\dash\\import React, { useEffect, useState } fr.js": {"path":"C:\\Users\\agaray\\Documents\\Aceyus\\testReact\\proyecto\\src\\dash\\import React, { useEffect, useState } fr.js","statementMap":{"0":{"start":{"line":8,"column":0},"end":{"line":8,"column":130}},"1":{"start":{"line":11,"column":34},"end":{"line":11,"column":45}},"2":{"start":{"line":12,"column":34},"end":{"line":12,"column":45}},"3":{"start":{"line":13,"column":30},"end":{"line":13,"column":41}},"4":{"start":{"line":14,"column":26},"end":{"line":14,"column":62}},"5":{"start":{"line":15,"column":30},"end":{"line":15,"column":41}},"6":{"start":{"line":16,"column":30},"end":{"line":16,"column":41}},"7":{"start":{"line":18,"column":20},"end":{"line":75,"column":3}},"8":{"start":{"line":19,"column":4},"end":{"line":40,"column":5}},"9":{"start":{"line":21,"column":24},"end":{"line":21,"column":71}},"10":{"start":{"line":22,"column":20},"end":{"line":22,"column":45}},"11":{"start":{"line":23,"column":24},"end":{"line":23,"column":41}},"12":{"start":{"line":24,"column":24},"end":{"line":24,"column":41}},"13":{"start":{"line":26,"column":6},"end":{"line":26,"column":29}},"14":{"start":{"line":27,"column":6},"end":{"line":27,"column":29}},"15":{"start":{"line":29,"column":6},"end":{"line":37,"column":7}},"16":{"start":{"line":31,"column":8},"end":{"line":36,"column":11}},"17":{"start":{"line":39,"column":6},"end":{"line":39,"column":69}},"18":{"start":{"line":42,"column":4},"end":{"line":53,"column":5}},"19":{"start":{"line":44,"column":24},"end":{"line":44,"column":76}},"20":{"start":{"line":45,"column":30},"end":{"line":45,"column":65}},"21":{"start":{"line":46,"column":21},"end":{"line":46,"column":49}},"22":{"start":{"line":47,"column":21},"end":{"line":47,"column":51}},"23":{"start":{"line":50,"column":6},"end":{"line":50,"column":34}},"24":{"start":{"line":52,"column":6},"end":{"line":52,"column":69}},"25":{"start":{"line":55,"column":4},"end":{"line":64,"column":5}},"26":{"start":{"line":57,"column":24},"end":{"line":57,"column":71}},"27":{"start":{"line":58,"column":20},"end":{"line":58,"column":39}},"28":{"start":{"line":60,"column":6},"end":{"line":60,"column":32}},"29":{"start":{"line":61,"column":6},"end":{"line":61,"column":31}},"30":{"start":{"line":63,"column":6},"end":{"line":63,"column":69}},"31":{"start":{"line":66,"column":4},"end":{"line":74,"column":5}},"32":{"start":{"line":68,"column":24},"end":{"line":68,"column":69}},"33":{"start":{"line":69,"column":22},"end":{"line":69,"column":52}},"34":{"start":{"line":71,"column":6},"end":{"line":71,"column":25}},"35":{"start":{"line":73,"column":6},"end":{"line":73,"column":69}},"36":{"start":{"line":77,"column":2},"end":{"line":85,"column":9}},"37":{"start":{"line":78,"column":4},"end":{"line":78,"column":16}},"38":{"start":{"line":80,"column":23},"end":{"line":82,"column":12}},"39":{"start":{"line":81,"column":6},"end":{"line":81,"column":18}},"40":{"start":{"line":84,"column":4},"end":{"line":84,"column":43}},"41":{"start":{"line":84,"column":17},"end":{"line":84,"column":42}},"42":{"start":{"line":87,"column":20},"end":{"line":98,"column":3}},"43":{"start":{"line":100,"column":23},"end":{"line":113,"column":3}},"44":{"start":{"line":115,"column":23},"end":{"line":128,"column":3}},"45":{"start":{"line":130,"column":24},"end":{"line":135,"column":3}},"46":{"start":{"line":137,"column":25},"end":{"line":142,"column":3}},"47":{"start":{"line":144,"column":16},"end":{"line":147,"column":3}},"48":{"start":{"line":148,"column":2},"end":{"line":223,"column":4}}},"fnMap":{"0":{"name":"Dash","decl":{"start":{"line":10,"column":9},"end":{"line":10,"column":13}},"loc":{"start":{"line":10,"column":16},"end":{"line":225,"column":1}},"line":10},"1":{"name":"(anonymous_1)","decl":{"start":{"line":18,"column":20},"end":{"line":18,"column":21}},"loc":{"start":{"line":18,"column":32},"end":{"line":75,"column":3}},"line":18},"2":{"name":"(anonymous_2)","decl":{"start":{"line":77,"column":12},"end":{"line":77,"column":13}},"loc":{"start":{"line":77,"column":18},"end":{"line":85,"column":3}},"line":77},"3":{"name":"(anonymous_3)","decl":{"start":{"line":80,"column":35},"end":{"line":80,"column":36}},"loc":{"start":{"line":80,"column":41},"end":{"line":82,"column":5}},"line":80},"4":{"name":"(anonymous_4)","decl":{"start":{"line":84,"column":11},"end":{"line":84,"column":12}},"loc":{"start":{"line":84,"column":17},"end":{"line":84,"column":42}},"line":84}},"branchMap":{"0":{"loc":{"start":{"line":29,"column":6},"end":{"line":37,"column":7}},"type":"if","locations":[{"start":{"line":29,"column":6},"end":{"line":37,"column":7}},{"start":{},"end":{}}],"line":29},"1":{"loc":{"start":{"line":194,"column":15},"end":{"line":202,"column":15}},"type":"cond-expr","locations":[{"start":{"line":195,"column":16},"end":{"line":199,"column":21}},{"start":{"line":201,"column":16},"end":{"line":201,"column":56}}],"line":194},"2":{"loc":{"start":{"line":204,"column":15},"end":{"line":212,"column":15}},"type":"cond-expr","locations":[{"start":{"line":205,"column":16},"end":{"line":209,"column":21}},{"start":{"line":211,"column":16},"end":{"line":211,"column":55}}],"line":204}},"s":{"0":0,"1":0,"2":0,"3":0,"4":0,"5":0,"6":0,"7":0,"8":0,"9":0,"10":0,"11":0,"12":0,"13":0,"14":0,"15":0,"16":0,"17":0,"18":0,"19":0,"20":0,"21":0,"22":0,"23":0,"24":0,"25":0,"26":0,"27":0,"28":0,"29":0,"30":0,"31":0,"32":0,"33":0,"34":0,"35":0,"36":0,"37":0,"38":0,"39":0,"40":0,"41":0,"42":0,"43":0,"44":0,"45":0,"46":0,"47":0,"48":0},"f":{"0":0,"1":0,"2":0,"3":0,"4":0},"b":{"0":[0,0],"1":[0,0],"2":[0,0]}}
,"C:\\Users\\agaray\\Documents\\Aceyus\\testReact\\proyecto\\src\\dash\\style.js": {"path":"C:\\Users\\agaray\\Documents\\Aceyus\\testReact\\proyecto\\src\\dash\\style.js","statementMap":{"0":{"start":{"line":1,"column":19},"end":{"line":139,"column":1}},"1":{"start":{"line":3,"column":18},"end":{"line":15,"column":5}},"2":{"start":{"line":17,"column":17},"end":{"line":29,"column":5}},"3":{"start":{"line":31,"column":19},"end":{"line":43,"column":5}},"4":{"start":{"line":45,"column":17},"end":{"line":57,"column":5}},"5":{"start":{"line":59,"column":19},"end":{"line":71,"column":5}},"6":{"start":{"line":73,"column":17},"end":{"line":85,"column":5}},"7":{"start":{"line":86,"column":19},"end":{"line":100,"column":5}},"8":{"start":{"line":102,"column":27},"end":{"line":104,"column":5}},"9":{"start":{"line":106,"column":24},"end":{"line":111,"column":5}},"10":{"start":{"line":113,"column":18},"end":{"line":115,"column":5}},"11":{"start":{"line":117,"column":16},"end":{"line":119,"column":5}},"12":{"start":{"line":120,"column":19},"end":{"line":122,"column":5}},"13":{"start":{"line":124,"column":17},"end":{"line":126,"column":5}},"14":{"start":{"line":128,"column":18},"end":{"line":131,"column":5}},"15":{"start":{"line":132,"column":23},"end":{"line":135,"column":5}}},"fnMap":{"0":{"name":"(anonymous_0)","decl":{"start":{"line":1,"column":19},"end":{"line":1,"column":20}},"loc":{"start":{"line":1,"column":23},"end":{"line":139,"column":1}},"line":1}},"branchMap":{},"s":{"0":0,"1":0,"2":0,"3":0,"4":0,"5":0,"6":0,"7":0,"8":0,"9":0,"10":0,"11":0,"12":0,"13":0,"14":0,"15":0},"f":{"0":0},"b":{}}
,"C:\\Users\\agaray\\Documents\\Aceyus\\testReact\\proyecto\\src\\dowloadFiles\\reports.js": {"path":"C:\\Users\\agaray\\Documents\\Aceyus\\testReact\\proyecto\\src\\dowloadFiles\\reports.js","statementMap":{"0":{"start":{"line":6,"column":16},"end":{"line":81,"column":3}},"1":{"start":{"line":7,"column":28},"end":{"line":7,"column":40}},"2":{"start":{"line":8,"column":42},"end":{"line":8,"column":53}},"3":{"start":{"line":9,"column":25},"end":{"line":9,"column":27}},"4":{"start":{"line":11,"column":4},"end":{"line":13,"column":11}},"5":{"start":{"line":12,"column":6},"end":{"line":12,"column":27}},"6":{"start":{"line":15,"column":31},"end":{"line":29,"column":5}},"7":{"start":{"line":16,"column":27},"end":{"line":16,"column":47}},"8":{"start":{"line":17,"column":6},"end":{"line":28,"column":11}},"9":{"start":{"line":18,"column":28},"end":{"line":18,"column":50}},"10":{"start":{"line":20,"column":27},"end":{"line":20,"column":63}},"11":{"start":{"line":21,"column":28},"end":{"line":21,"column":50}},"12":{"start":{"line":22,"column":24},"end":{"line":22,"column":50}},"13":{"start":{"line":23,"column":28},"end":{"line":23,"column":74}},"14":{"start":{"line":24,"column":10},"end":{"line":24,"column":29}},"15":{"start":{"line":27,"column":10},"end":{"line":27,"column":62}},"16":{"start":{"line":31,"column":19},"end":{"line":31,"column":45}},"17":{"start":{"line":32,"column":28},"end":{"line":32,"column":69}},"18":{"start":{"line":34,"column":28},"end":{"line":36,"column":5}},"19":{"start":{"line":35,"column":6},"end":{"line":35,"column":31}},"20":{"start":{"line":38,"column":4},"end":{"line":80,"column":6}},"21":{"start":{"line":46,"column":18},"end":{"line":46,"column":47}},"22":{"start":{"line":53,"column":16},"end":{"line":57,"column":21}},"23":{"start":{"line":55,"column":20},"end":{"line":55,"column":51}}},"fnMap":{"0":{"name":"(anonymous_0)","decl":{"start":{"line":6,"column":16},"end":{"line":6,"column":17}},"loc":{"start":{"line":6,"column":22},"end":{"line":81,"column":3}},"line":6},"1":{"name":"(anonymous_1)","decl":{"start":{"line":11,"column":14},"end":{"line":11,"column":15}},"loc":{"start":{"line":11,"column":20},"end":{"line":13,"column":5}},"line":11},"2":{"name":"(anonymous_2)","decl":{"start":{"line":15,"column":31},"end":{"line":15,"column":32}},"loc":{"start":{"line":15,"column":37},"end":{"line":29,"column":5}},"line":15},"3":{"name":"(anonymous_3)","decl":{"start":{"line":18,"column":14},"end":{"line":18,"column":15}},"loc":{"start":{"line":18,"column":28},"end":{"line":18,"column":50}},"line":18},"4":{"name":"(anonymous_4)","decl":{"start":{"line":19,"column":14},"end":{"line":19,"column":15}},"loc":{"start":{"line":19,"column":26},"end":{"line":25,"column":9}},"line":19},"5":{"name":"(anonymous_5)","decl":{"start":{"line":26,"column":15},"end":{"line":26,"column":16}},"loc":{"start":{"line":26,"column":26},"end":{"line":28,"column":9}},"line":26},"6":{"name":"(anonymous_6)","decl":{"start":{"line":34,"column":28},"end":{"line":34,"column":29}},"loc":{"start":{"line":34,"column":46},"end":{"line":36,"column":5}},"line":34},"7":{"name":"(anonymous_7)","decl":{"start":{"line":45,"column":28},"end":{"line":45,"column":29}},"loc":{"start":{"line":46,"column":18},"end":{"line":46,"column":47}},"line":46},"8":{"name":"(anonymous_8)","decl":{"start":{"line":52,"column":43},"end":{"line":52,"column":44}},"loc":{"start":{"line":53,"column":16},"end":{"line":57,"column":21}},"line":53},"9":{"name":"(anonymous_9)","decl":{"start":{"line":54,"column":27},"end":{"line":54,"column":28}},"loc":{"start":{"line":55,"column":20},"end":{"line":55,"column":51}},"line":55}},"branchMap":{"0":{"loc":{"start":{"line":44,"column":15},"end":{"line":47,"column":18}},"type":"binary-expr","locations":[{"start":{"line":44,"column":15},"end":{"line":44,"column":30}},{"start":{"line":45,"column":16},"end":{"line":47,"column":18}}],"line":44},"1":{"loc":{"start":{"line":51,"column":13},"end":{"line":58,"column":16}},"type":"binary-expr","locations":[{"start":{"line":51,"column":13},"end":{"line":51,"column":39}},{"start":{"line":52,"column":14},"end":{"line":58,"column":16}}],"line":51},"2":{"loc":{"start":{"line":63,"column":9},"end":{"line":78,"column":9}},"type":"binary-expr","locations":[{"start":{"line":63,"column":9},"end":{"line":63,"column":35}},{"start":{"line":64,"column":10},"end":{"line":77,"column":12}}],"line":63}},"s":{"0":0,"1":0,"2":0,"3":0,"4":0,"5":0,"6":0,"7":0,"8":0,"9":0,"10":0,"11":0,"12":0,"13":0,"14":0,"15":0,"16":0,"17":0,"18":0,"19":0,"20":0,"21":0,"22":0,"23":0},"f":{"0":0,"1":0,"2":0,"3":0,"4":0,"5":0,"6":0,"7":0,"8":0,"9":0},"b":{"0":[0,0],"1":[0,0],"2":[0,0]}}
,"C:\\Users\\agaray\\Documents\\Aceyus\\testReact\\proyecto\\src\\error\\error.js": {"path":"C:\\Users\\agaray\\Documents\\Aceyus\\testReact\\proyecto\\src\\error\\error.js","statementMap":{"0":{"start":{"line":6,"column":4},"end":{"line":30,"column":5}}},"fnMap":{"0":{"name":"(anonymous_0)","decl":{"start":{"line":5,"column":2},"end":{"line":5,"column":3}},"loc":{"start":{"line":5,"column":11},"end":{"line":31,"column":3}},"line":5}},"branchMap":{},"s":{"0":0},"f":{"0":0},"b":{}}
,"C:\\Users\\agaray\\Documents\\Aceyus\\testReact\\proyecto\\src\\footer\\footer.js": {"path":"C:\\Users\\agaray\\Documents\\Aceyus\\testReact\\proyecto\\src\\footer\\footer.js","statementMap":{"0":{"start":{"line":5,"column":4},"end":{"line":22,"column":6}}},"fnMap":{"0":{"name":"(anonymous_0)","decl":{"start":{"line":4,"column":2},"end":{"line":4,"column":3}},"loc":{"start":{"line":4,"column":11},"end":{"line":23,"column":3}},"line":4}},"branchMap":{},"s":{"0":0},"f":{"0":0},"b":{}}
,"C:\\Users\\agaray\\Documents\\Aceyus\\testReact\\proyecto\\src\\login\\login.js": {"path":"C:\\Users\\agaray\\Documents\\Aceyus\\testReact\\proyecto\\src\\login\\login.js","statementMap":{"0":{"start":{"line":7,"column":12},"end":{"line":9,"column":1}},"1":{"start":{"line":11,"column":21},"end":{"line":16,"column":1}},"2":{"start":{"line":18,"column":14},"end":{"line":99,"column":1}},"3":{"start":{"line":19,"column":34},"end":{"line":19,"column":46}},"4":{"start":{"line":20,"column":34},"end":{"line":20,"column":46}},"5":{"start":{"line":21,"column":28},"end":{"line":21,"column":40}},"6":{"start":{"line":22,"column":34},"end":{"line":22,"column":49}},"7":{"start":{"line":24,"column":23},"end":{"line":61,"column":3}},"8":{"start":{"line":25,"column":4},"end":{"line":25,"column":23}},"9":{"start":{"line":26,"column":4},"end":{"line":60,"column":5}},"10":{"start":{"line":27,"column":21},"end":{"line":27,"column":52}},"11":{"start":{"line":28,"column":19},"end":{"line":31,"column":7}},"12":{"start":{"line":33,"column":29},"end":{"line":33,"column":50}},"13":{"start":{"line":34,"column":6},"end":{"line":36,"column":7}},"14":{"start":{"line":35,"column":8},"end":{"line":35,"column":46}},"15":{"start":{"line":38,"column":23},"end":{"line":44,"column":8}},"16":{"start":{"line":46,"column":6},"end":{"line":56,"column":7}},"17":{"start":{"line":47,"column":29},"end":{"line":47,"column":50}},"18":{"start":{"line":48,"column":8},"end":{"line":48,"column":57}},"19":{"start":{"line":49,"column":22},"end":{"line":49,"column":40}},"20":{"start":{"line":50,"column":8},"end":{"line":52,"column":9}},"21":{"start":{"line":51,"column":10},"end":{"line":51,"column":28}},"22":{"start":{"line":54,"column":8},"end":{"line":54,"column":69}},"23":{"start":{"line":55,"column":8},"end":{"line":55,"column":83}},"24":{"start":{"line":58,"column":6},"end":{"line":58,"column":53}},"25":{"start":{"line":59,"column":6},"end":{"line":59,"column":61}},"26":{"start":{"line":63,"column":2},"end":{"line":65,"column":3}},"27":{"start":{"line":64,"column":4},"end":{"line":64,"column":48}},"28":{"start":{"line":67,"column":2},"end":{"line":98,"column":4}},"29":{"start":{"line":79,"column":31},"end":{"line":79,"column":58}},"30":{"start":{"line":88,"column":31},"end":{"line":88,"column":58}}},"fnMap":{"0":{"name":"(anonymous_0)","decl":{"start":{"line":18,"column":14},"end":{"line":18,"column":15}},"loc":{"start":{"line":18,"column":20},"end":{"line":99,"column":1}},"line":18},"1":{"name":"(anonymous_1)","decl":{"start":{"line":24,"column":23},"end":{"line":24,"column":24}},"loc":{"start":{"line":24,"column":36},"end":{"line":61,"column":3}},"line":24},"2":{"name":"(anonymous_2)","decl":{"start":{"line":79,"column":24},"end":{"line":79,"column":25}},"loc":{"start":{"line":79,"column":31},"end":{"line":79,"column":58}},"line":79},"3":{"name":"(anonymous_3)","decl":{"start":{"line":88,"column":24},"end":{"line":88,"column":25}},"loc":{"start":{"line":88,"column":31},"end":{"line":88,"column":58}},"line":88}},"branchMap":{"0":{"loc":{"start":{"line":46,"column":6},"end":{"line":56,"column":7}},"type":"if","locations":[{"start":{"line":46,"column":6},"end":{"line":56,"column":7}},{"start":{"line":53,"column":13},"end":{"line":56,"column":7}}],"line":46},"1":{"loc":{"start":{"line":50,"column":8},"end":{"line":52,"column":9}},"type":"if","locations":[{"start":{"line":50,"column":8},"end":{"line":52,"column":9}},{"start":{},"end":{}}],"line":50},"2":{"loc":{"start":{"line":63,"column":2},"end":{"line":65,"column":3}},"type":"if","locations":[{"start":{"line":63,"column":2},"end":{"line":65,"column":3}},{"start":{},"end":{}}],"line":63},"3":{"loc":{"start":{"line":91,"column":11},"end":{"line":91,"column":59}},"type":"binary-expr","locations":[{"start":{"line":91,"column":11},"end":{"line":91,"column":16}},{"start":{"line":91,"column":20},"end":{"line":91,"column":59}}],"line":91}},"s":{"0":0,"1":0,"2":0,"3":0,"4":0,"5":0,"6":0,"7":0,"8":0,"9":0,"10":0,"11":0,"12":0,"13":0,"14":0,"15":0,"16":0,"17":0,"18":0,"19":0,"20":0,"21":0,"22":0,"23":0,"24":0,"25":0,"26":0,"27":0,"28":0,"29":0,"30":0},"f":{"0":0,"1":0,"2":0,"3":0},"b":{"0":[0,0],"1":[0,0],"2":[0,0],"3":[0,0]}}
,"C:\\Users\\agaray\\Documents\\Aceyus\\testReact\\proyecto\\src\\monitoreoBD\\monitoreoBases.js": {"path":"C:\\Users\\agaray\\Documents\\Aceyus\\testReact\\proyecto\\src\\monitoreoBD\\monitoreoBases.js","statementMap":{"0":{"start":{"line":6,"column":44},"end":{"line":6,"column":56}},"1":{"start":{"line":7,"column":38},"end":{"line":7,"column":50}},"2":{"start":{"line":8,"column":34},"end":{"line":8,"column":48}},"3":{"start":{"line":10,"column":4},"end":{"line":20,"column":11}},"4":{"start":{"line":11,"column":8},"end":{"line":19,"column":15}},"5":{"start":{"line":13,"column":16},"end":{"line":13,"column":58}},"6":{"start":{"line":14,"column":16},"end":{"line":14,"column":34}},"7":{"start":{"line":17,"column":16},"end":{"line":17,"column":88}},"8":{"start":{"line":18,"column":16},"end":{"line":18,"column":34}},"9":{"start":{"line":22,"column":4},"end":{"line":31,"column":11}},"10":{"start":{"line":23,"column":8},"end":{"line":30,"column":15}},"11":{"start":{"line":25,"column":16},"end":{"line":25,"column":55}},"12":{"start":{"line":26,"column":16},"end":{"line":26,"column":38}},"13":{"start":{"line":29,"column":16},"end":{"line":29,"column":86}},"14":{"start":{"line":33,"column":4},"end":{"line":35,"column":5}},"15":{"start":{"line":34,"column":8},"end":{"line":34,"column":38}},"16":{"start":{"line":37,"column":4},"end":{"line":92,"column":6}},"17":{"start":{"line":53,"column":32},"end":{"line":59,"column":37}},"18":{"start":{"line":78,"column":32},"end":{"line":85,"column":37}}},"fnMap":{"0":{"name":"MonitoreoBases","decl":{"start":{"line":5,"column":9},"end":{"line":5,"column":23}},"loc":{"start":{"line":5,"column":26},"end":{"line":93,"column":1}},"line":5},"1":{"name":"(anonymous_1)","decl":{"start":{"line":10,"column":14},"end":{"line":10,"column":15}},"loc":{"start":{"line":10,"column":20},"end":{"line":20,"column":5}},"line":10},"2":{"name":"(anonymous_2)","decl":{"start":{"line":12,"column":18},"end":{"line":12,"column":19}},"loc":{"start":{"line":12,"column":30},"end":{"line":15,"column":13}},"line":12},"3":{"name":"(anonymous_3)","decl":{"start":{"line":16,"column":19},"end":{"line":16,"column":20}},"loc":{"start":{"line":16,"column":28},"end":{"line":19,"column":13}},"line":16},"4":{"name":"(anonymous_4)","decl":{"start":{"line":22,"column":14},"end":{"line":22,"column":15}},"loc":{"start":{"line":22,"column":20},"end":{"line":31,"column":5}},"line":22},"5":{"name":"(anonymous_5)","decl":{"start":{"line":24,"column":18},"end":{"line":24,"column":19}},"loc":{"start":{"line":24,"column":30},"end":{"line":27,"column":13}},"line":24},"6":{"name":"(anonymous_6)","decl":{"start":{"line":28,"column":19},"end":{"line":28,"column":20}},"loc":{"start":{"line":28,"column":28},"end":{"line":30,"column":13}},"line":28},"7":{"name":"(anonymous_7)","decl":{"start":{"line":52,"column":46},"end":{"line":52,"column":47}},"loc":{"start":{"line":53,"column":32},"end":{"line":59,"column":37}},"line":53},"8":{"name":"(anonymous_8)","decl":{"start":{"line":77,"column":43},"end":{"line":77,"column":44}},"loc":{"start":{"line":78,"column":32},"end":{"line":85,"column":37}},"line":78}},"branchMap":{"0":{"loc":{"start":{"line":33,"column":4},"end":{"line":35,"column":5}},"type":"if","locations":[{"start":{"line":33,"column":4},"end":{"line":35,"column":5}},{"start":{},"end":{}}],"line":33}},"s":{"0":0,"1":0,"2":0,"3":0,"4":0,"5":0,"6":0,"7":0,"8":0,"9":0,"10":0,"11":0,"12":0,"13":0,"14":0,"15":0,"16":0,"17":0,"18":0},"f":{"0":0,"1":0,"2":0,"3":0,"4":0,"5":0,"6":0,"7":0,"8":0},"b":{"0":[0,0]}}
,"C:\\Users\\agaray\\Documents\\Aceyus\\testReact\\proyecto\\src\\monitoreoBD\\monitoreoDiscos.js": {"path":"C:\\Users\\agaray\\Documents\\Aceyus\\testReact\\proyecto\\src\\monitoreoBD\\monitoreoDiscos.js","statementMap":{"0":{"start":{"line":7,"column":38},"end":{"line":7,"column":50}},"1":{"start":{"line":8,"column":34},"end":{"line":8,"column":48}},"2":{"start":{"line":11,"column":4},"end":{"line":76,"column":11}},"3":{"start":{"line":12,"column":8},"end":{"line":73,"column":15}},"4":{"start":{"line":14,"column":16},"end":{"line":14,"column":55}},"5":{"start":{"line":15,"column":16},"end":{"line":15,"column":34}},"6":{"start":{"line":16,"column":16},"end":{"line":16,"column":38}},"7":{"start":{"line":18,"column":30},"end":{"line":18,"column":54}},"8":{"start":{"line":19,"column":48},"end":{"line":19,"column":93}},"9":{"start":{"line":19,"column":69},"end":{"line":19,"column":92}},"10":{"start":{"line":22,"column":16},"end":{"line":67,"column":17}},"11":{"start":{"line":23,"column":34},"end":{"line":23,"column":65}},"12":{"start":{"line":24,"column":34},"end":{"line":24,"column":65}},"13":{"start":{"line":25,"column":34},"end":{"line":25,"column":65}},"14":{"start":{"line":27,"column":38},"end":{"line":27,"column":55}},"15":{"start":{"line":28,"column":20},"end":{"line":28,"column":77}},"16":{"start":{"line":30,"column":20},"end":{"line":33,"column":23}},"17":{"start":{"line":31,"column":40},"end":{"line":31,"column":57}},"18":{"start":{"line":32,"column":24},"end":{"line":32,"column":96}},"19":{"start":{"line":35,"column":20},"end":{"line":35,"column":45}},"20":{"start":{"line":36,"column":20},"end":{"line":36,"column":45}},"21":{"start":{"line":38,"column":20},"end":{"line":38,"column":50}},"22":{"start":{"line":39,"column":20},"end":{"line":39,"column":53}},"23":{"start":{"line":41,"column":38},"end":{"line":41,"column":53}},"24":{"start":{"line":48,"column":20},"end":{"line":66,"column":23}},"25":{"start":{"line":71,"column":16},"end":{"line":71,"column":86}},"26":{"start":{"line":72,"column":16},"end":{"line":72,"column":34}},"27":{"start":{"line":78,"column":4},"end":{"line":80,"column":5}},"28":{"start":{"line":79,"column":8},"end":{"line":79,"column":38}},"29":{"start":{"line":82,"column":4},"end":{"line":109,"column":6}},"30":{"start":{"line":97,"column":24},"end":{"line":104,"column":29}}},"fnMap":{"0":{"name":"MonitoreoDiscos","decl":{"start":{"line":6,"column":9},"end":{"line":6,"column":24}},"loc":{"start":{"line":6,"column":27},"end":{"line":110,"column":1}},"line":6},"1":{"name":"(anonymous_1)","decl":{"start":{"line":11,"column":14},"end":{"line":11,"column":15}},"loc":{"start":{"line":11,"column":20},"end":{"line":76,"column":5}},"line":11},"2":{"name":"(anonymous_2)","decl":{"start":{"line":13,"column":18},"end":{"line":13,"column":19}},"loc":{"start":{"line":13,"column":30},"end":{"line":69,"column":13}},"line":13},"3":{"name":"(anonymous_3)","decl":{"start":{"line":19,"column":61},"end":{"line":19,"column":62}},"loc":{"start":{"line":19,"column":69},"end":{"line":19,"column":92}},"line":19},"4":{"name":"(anonymous_4)","decl":{"start":{"line":30,"column":52},"end":{"line":30,"column":53}},"loc":{"start":{"line":30,"column":60},"end":{"line":33,"column":21}},"line":30},"5":{"name":"(anonymous_5)","decl":{"start":{"line":70,"column":19},"end":{"line":70,"column":20}},"loc":{"start":{"line":70,"column":28},"end":{"line":73,"column":13}},"line":70},"6":{"name":"(anonymous_6)","decl":{"start":{"line":96,"column":35},"end":{"line":96,"column":36}},"loc":{"start":{"line":97,"column":24},"end":{"line":104,"column":29}},"line":97}},"branchMap":{"0":{"loc":{"start":{"line":22,"column":16},"end":{"line":67,"column":17}},"type":"if","locations":[{"start":{"line":22,"column":16},"end":{"line":67,"column":17}},{"start":{},"end":{}}],"line":22},"1":{"loc":{"start":{"line":78,"column":4},"end":{"line":80,"column":5}},"type":"if","locations":[{"start":{"line":78,"column":4},"end":{"line":80,"column":5}},{"start":{},"end":{}}],"line":78}},"s":{"0":0,"1":0,"2":0,"3":0,"4":0,"5":0,"6":0,"7":0,"8":0,"9":0,"10":0,"11":0,"12":0,"13":0,"14":0,"15":0,"16":0,"17":0,"18":0,"19":0,"20":0,"21":0,"22":0,"23":0,"24":0,"25":0,"26":0,"27":0,"28":0,"29":0,"30":0},"f":{"0":0,"1":0,"2":0,"3":0,"4":0,"5":0,"6":0},"b":{"0":[0,0],"1":[0,0]}}
,"C:\\Users\\agaray\\Documents\\Aceyus\\testReact\\proyecto\\src\\monitoreoBD\\monitoreoInformix.js": {"path":"C:\\Users\\agaray\\Documents\\Aceyus\\testReact\\proyecto\\src\\monitoreoBD\\monitoreoInformix.js","statementMap":{"0":{"start":{"line":8,"column":44},"end":{"line":8,"column":56}},"1":{"start":{"line":9,"column":34},"end":{"line":9,"column":48}},"2":{"start":{"line":11,"column":4},"end":{"line":68,"column":11}},"3":{"start":{"line":12,"column":8},"end":{"line":67,"column":15}},"4":{"start":{"line":14,"column":16},"end":{"line":14,"column":52}},"5":{"start":{"line":15,"column":16},"end":{"line":15,"column":34}},"6":{"start":{"line":16,"column":16},"end":{"line":16,"column":38}},"7":{"start":{"line":17,"column":30},"end":{"line":17,"column":54}},"8":{"start":{"line":18,"column":48},"end":{"line":18,"column":95}},"9":{"start":{"line":18,"column":69},"end":{"line":18,"column":94}},"10":{"start":{"line":21,"column":16},"end":{"line":62,"column":17}},"11":{"start":{"line":22,"column":34},"end":{"line":22,"column":65}},"12":{"start":{"line":23,"column":34},"end":{"line":23,"column":65}},"13":{"start":{"line":24,"column":34},"end":{"line":24,"column":65}},"14":{"start":{"line":26,"column":38},"end":{"line":26,"column":55}},"15":{"start":{"line":27,"column":20},"end":{"line":27,"column":76}},"16":{"start":{"line":29,"column":20},"end":{"line":32,"column":23}},"17":{"start":{"line":30,"column":40},"end":{"line":30,"column":57}},"18":{"start":{"line":31,"column":24},"end":{"line":31,"column":98}},"19":{"start":{"line":34,"column":20},"end":{"line":34,"column":45}},"20":{"start":{"line":35,"column":20},"end":{"line":35,"column":45}},"21":{"start":{"line":37,"column":20},"end":{"line":37,"column":50}},"22":{"start":{"line":38,"column":20},"end":{"line":38,"column":53}},"23":{"start":{"line":40,"column":38},"end":{"line":40,"column":53}},"24":{"start":{"line":43,"column":20},"end":{"line":61,"column":23}},"25":{"start":{"line":65,"column":16},"end":{"line":65,"column":83}},"26":{"start":{"line":66,"column":16},"end":{"line":66,"column":34}},"27":{"start":{"line":70,"column":4},"end":{"line":72,"column":5}},"28":{"start":{"line":71,"column":8},"end":{"line":71,"column":38}},"29":{"start":{"line":74,"column":4},"end":{"line":99,"column":6}},"30":{"start":{"line":88,"column":24},"end":{"line":94,"column":29}}},"fnMap":{"0":{"name":"MonitoreoInformix","decl":{"start":{"line":7,"column":9},"end":{"line":7,"column":26}},"loc":{"start":{"line":7,"column":29},"end":{"line":100,"column":1}},"line":7},"1":{"name":"(anonymous_1)","decl":{"start":{"line":11,"column":14},"end":{"line":11,"column":15}},"loc":{"start":{"line":11,"column":20},"end":{"line":68,"column":5}},"line":11},"2":{"name":"(anonymous_2)","decl":{"start":{"line":13,"column":18},"end":{"line":13,"column":19}},"loc":{"start":{"line":13,"column":30},"end":{"line":63,"column":13}},"line":13},"3":{"name":"(anonymous_3)","decl":{"start":{"line":18,"column":61},"end":{"line":18,"column":62}},"loc":{"start":{"line":18,"column":69},"end":{"line":18,"column":94}},"line":18},"4":{"name":"(anonymous_4)","decl":{"start":{"line":29,"column":52},"end":{"line":29,"column":53}},"loc":{"start":{"line":29,"column":60},"end":{"line":32,"column":21}},"line":29},"5":{"name":"(anonymous_5)","decl":{"start":{"line":64,"column":19},"end":{"line":64,"column":20}},"loc":{"start":{"line":64,"column":28},"end":{"line":67,"column":13}},"line":64},"6":{"name":"(anonymous_6)","decl":{"start":{"line":87,"column":51},"end":{"line":87,"column":52}},"loc":{"start":{"line":88,"column":24},"end":{"line":94,"column":29}},"line":88}},"branchMap":{"0":{"loc":{"start":{"line":21,"column":16},"end":{"line":62,"column":17}},"type":"if","locations":[{"start":{"line":21,"column":16},"end":{"line":62,"column":17}},{"start":{},"end":{}}],"line":21},"1":{"loc":{"start":{"line":70,"column":4},"end":{"line":72,"column":5}},"type":"if","locations":[{"start":{"line":70,"column":4},"end":{"line":72,"column":5}},{"start":{},"end":{}}],"line":70}},"s":{"0":0,"1":0,"2":0,"3":0,"4":0,"5":0,"6":0,"7":0,"8":0,"9":0,"10":0,"11":0,"12":0,"13":0,"14":0,"15":0,"16":0,"17":0,"18":0,"19":0,"20":0,"21":0,"22":0,"23":0,"24":0,"25":0,"26":0,"27":0,"28":0,"29":0,"30":0},"f":{"0":0,"1":0,"2":0,"3":0,"4":0,"5":0,"6":0},"b":{"0":[0,0],"1":[0,0]}}
,"C:\\Users\\agaray\\Documents\\Aceyus\\testReact\\proyecto\\src\\monitoreoBD\\monitoreoListener.js": {"path":"C:\\Users\\agaray\\Documents\\Aceyus\\testReact\\proyecto\\src\\monitoreoBD\\monitoreoListener.js","statementMap":{"0":{"start":{"line":7,"column":44},"end":{"line":7,"column":56}},"1":{"start":{"line":8,"column":34},"end":{"line":8,"column":48}},"2":{"start":{"line":10,"column":4},"end":{"line":20,"column":11}},"3":{"start":{"line":11,"column":8},"end":{"line":19,"column":15}},"4":{"start":{"line":13,"column":16},"end":{"line":13,"column":58}},"5":{"start":{"line":14,"column":16},"end":{"line":14,"column":34}},"6":{"start":{"line":17,"column":16},"end":{"line":17,"column":88}},"7":{"start":{"line":18,"column":16},"end":{"line":18,"column":34}},"8":{"start":{"line":21,"column":4},"end":{"line":23,"column":5}},"9":{"start":{"line":22,"column":8},"end":{"line":22,"column":38}},"10":{"start":{"line":25,"column":4},"end":{"line":55,"column":6}},"11":{"start":{"line":41,"column":32},"end":{"line":47,"column":37}}},"fnMap":{"0":{"name":"MonitoreoListener","decl":{"start":{"line":6,"column":9},"end":{"line":6,"column":26}},"loc":{"start":{"line":6,"column":29},"end":{"line":57,"column":1}},"line":6},"1":{"name":"(anonymous_1)","decl":{"start":{"line":10,"column":14},"end":{"line":10,"column":15}},"loc":{"start":{"line":10,"column":20},"end":{"line":20,"column":5}},"line":10},"2":{"name":"(anonymous_2)","decl":{"start":{"line":12,"column":18},"end":{"line":12,"column":19}},"loc":{"start":{"line":12,"column":30},"end":{"line":15,"column":13}},"line":12},"3":{"name":"(anonymous_3)","decl":{"start":{"line":16,"column":19},"end":{"line":16,"column":20}},"loc":{"start":{"line":16,"column":28},"end":{"line":19,"column":13}},"line":16},"4":{"name":"(anonymous_4)","decl":{"start":{"line":40,"column":46},"end":{"line":40,"column":47}},"loc":{"start":{"line":41,"column":32},"end":{"line":47,"column":37}},"line":41}},"branchMap":{"0":{"loc":{"start":{"line":21,"column":4},"end":{"line":23,"column":5}},"type":"if","locations":[{"start":{"line":21,"column":4},"end":{"line":23,"column":5}},{"start":{},"end":{}}],"line":21}},"s":{"0":0,"1":0,"2":0,"3":0,"4":0,"5":0,"6":0,"7":0,"8":0,"9":0,"10":0,"11":0},"f":{"0":0,"1":0,"2":0,"3":0,"4":0},"b":{"0":[0,0]}}
,"C:\\Users\\agaray\\Documents\\Aceyus\\testReact\\proyecto\\src\\monitoreoBD\\monitoreoLogs.js": {"path":"C:\\Users\\agaray\\Documents\\Aceyus\\testReact\\proyecto\\src\\monitoreoBD\\monitoreoLogs.js","statementMap":{"0":{"start":{"line":7,"column":36},"end":{"line":7,"column":48}},"1":{"start":{"line":8,"column":34},"end":{"line":8,"column":48}},"2":{"start":{"line":10,"column":4},"end":{"line":71,"column":11}},"3":{"start":{"line":11,"column":8},"end":{"line":70,"column":15}},"4":{"start":{"line":13,"column":16},"end":{"line":13,"column":54}},"5":{"start":{"line":14,"column":16},"end":{"line":14,"column":34}},"6":{"start":{"line":16,"column":30},"end":{"line":16,"column":54}},"7":{"start":{"line":17,"column":48},"end":{"line":17,"column":93}},"8":{"start":{"line":17,"column":69},"end":{"line":17,"column":92}},"9":{"start":{"line":19,"column":16},"end":{"line":19,"column":81}},"10":{"start":{"line":20,"column":16},"end":{"line":65,"column":17}},"11":{"start":{"line":21,"column":34},"end":{"line":21,"column":65}},"12":{"start":{"line":22,"column":34},"end":{"line":22,"column":65}},"13":{"start":{"line":23,"column":34},"end":{"line":23,"column":65}},"14":{"start":{"line":25,"column":38},"end":{"line":25,"column":55}},"15":{"start":{"line":26,"column":20},"end":{"line":26,"column":76}},"16":{"start":{"line":28,"column":20},"end":{"line":31,"column":23}},"17":{"start":{"line":29,"column":40},"end":{"line":29,"column":57}},"18":{"start":{"line":30,"column":24},"end":{"line":30,"column":96}},"19":{"start":{"line":33,"column":20},"end":{"line":33,"column":45}},"20":{"start":{"line":34,"column":20},"end":{"line":34,"column":45}},"21":{"start":{"line":36,"column":20},"end":{"line":36,"column":50}},"22":{"start":{"line":37,"column":20},"end":{"line":37,"column":53}},"23":{"start":{"line":39,"column":38},"end":{"line":39,"column":53}},"24":{"start":{"line":46,"column":20},"end":{"line":64,"column":23}},"25":{"start":{"line":68,"column":16},"end":{"line":68,"column":88}},"26":{"start":{"line":69,"column":16},"end":{"line":69,"column":34}},"27":{"start":{"line":73,"column":4},"end":{"line":75,"column":5}},"28":{"start":{"line":74,"column":8},"end":{"line":74,"column":38}},"29":{"start":{"line":77,"column":4},"end":{"line":106,"column":6}},"30":{"start":{"line":93,"column":32},"end":{"line":99,"column":37}}},"fnMap":{"0":{"name":"MonitoreoLogs","decl":{"start":{"line":6,"column":9},"end":{"line":6,"column":22}},"loc":{"start":{"line":6,"column":25},"end":{"line":107,"column":1}},"line":6},"1":{"name":"(anonymous_1)","decl":{"start":{"line":10,"column":14},"end":{"line":10,"column":15}},"loc":{"start":{"line":10,"column":20},"end":{"line":71,"column":5}},"line":10},"2":{"name":"(anonymous_2)","decl":{"start":{"line":12,"column":18},"end":{"line":12,"column":19}},"loc":{"start":{"line":12,"column":30},"end":{"line":66,"column":13}},"line":12},"3":{"name":"(anonymous_3)","decl":{"start":{"line":17,"column":61},"end":{"line":17,"column":62}},"loc":{"start":{"line":17,"column":69},"end":{"line":17,"column":92}},"line":17},"4":{"name":"(anonymous_4)","decl":{"start":{"line":28,"column":52},"end":{"line":28,"column":53}},"loc":{"start":{"line":28,"column":60},"end":{"line":31,"column":21}},"line":28},"5":{"name":"(anonymous_5)","decl":{"start":{"line":67,"column":19},"end":{"line":67,"column":20}},"loc":{"start":{"line":67,"column":28},"end":{"line":70,"column":13}},"line":67},"6":{"name":"(anonymous_6)","decl":{"start":{"line":92,"column":42},"end":{"line":92,"column":43}},"loc":{"start":{"line":93,"column":32},"end":{"line":99,"column":37}},"line":93}},"branchMap":{"0":{"loc":{"start":{"line":20,"column":16},"end":{"line":65,"column":17}},"type":"if","locations":[{"start":{"line":20,"column":16},"end":{"line":65,"column":17}},{"start":{},"end":{}}],"line":20},"1":{"loc":{"start":{"line":73,"column":4},"end":{"line":75,"column":5}},"type":"if","locations":[{"start":{"line":73,"column":4},"end":{"line":75,"column":5}},{"start":{},"end":{}}],"line":73}},"s":{"0":0,"1":0,"2":0,"3":0,"4":0,"5":0,"6":0,"7":0,"8":0,"9":0,"10":0,"11":0,"12":0,"13":0,"14":0,"15":0,"16":0,"17":0,"18":0,"19":0,"20":0,"21":0,"22":0,"23":0,"24":0,"25":0,"26":0,"27":0,"28":0,"29":0,"30":0},"f":{"0":0,"1":0,"2":0,"3":0,"4":0,"5":0,"6":0},"b":{"0":[0,0],"1":[0,0]}}
,"C:\\Users\\agaray\\Documents\\Aceyus\\testReact\\proyecto\\src\\monitoreoBD\\monitoreoSMCC.js": {"path":"C:\\Users\\agaray\\Documents\\Aceyus\\testReact\\proyecto\\src\\monitoreoBD\\monitoreoSMCC.js","statementMap":{"0":{"start":{"line":1,"column":21},"end":{"line":4,"column":1}},"1":{"start":{"line":2,"column":4},"end":{"line":2,"column":36}}},"fnMap":{"0":{"name":"(anonymous_0)","decl":{"start":{"line":1,"column":21},"end":{"line":1,"column":22}},"loc":{"start":{"line":1,"column":25},"end":{"line":4,"column":1}},"line":1}},"branchMap":{},"s":{"0":0,"1":0},"f":{"0":0},"b":{}}
,"C:\\Users\\agaray\\Documents\\Aceyus\\testReact\\proyecto\\src\\nav\\layout.js": {"path":"C:\\Users\\agaray\\Documents\\Aceyus\\testReact\\proyecto\\src\\nav\\layout.js","statementMap":{"0":{"start":{"line":8,"column":15},"end":{"line":40,"column":1}},"1":{"start":{"line":9,"column":2},"end":{"line":39,"column":4}}},"fnMap":{"0":{"name":"(anonymous_0)","decl":{"start":{"line":8,"column":15},"end":{"line":8,"column":16}},"loc":{"start":{"line":8,"column":21},"end":{"line":40,"column":1}},"line":8}},"branchMap":{},"s":{"0":0,"1":0},"f":{"0":0},"b":{}}
,"C:\\Users\\agaray\\Documents\\Aceyus\\testReact\\proyecto\\src\\nav\\navbar.js": {"path":"C:\\Users\\agaray\\Documents\\Aceyus\\testReact\\proyecto\\src\\nav\\navbar.js","statementMap":{"0":{"start":{"line":6,"column":12},"end":{"line":8,"column":1}},"1":{"start":{"line":12,"column":8},"end":{"line":12,"column":16}},"2":{"start":{"line":13,"column":8},"end":{"line":15,"column":10}},"3":{"start":{"line":18,"column":21},"end":{"line":21,"column":5}},"4":{"start":{"line":19,"column":24},"end":{"line":19,"column":91}},"5":{"start":{"line":20,"column":8},"end":{"line":20,"column":58}},"6":{"start":{"line":24,"column":21},"end":{"line":26,"column":5}},"7":{"start":{"line":25,"column":8},"end":{"line":25,"column":42}},"8":{"start":{"line":29,"column":32},"end":{"line":29,"column":75}},"9":{"start":{"line":31,"column":8},"end":{"line":54,"column":10}}},"fnMap":{"0":{"name":"(anonymous_0)","decl":{"start":{"line":11,"column":4},"end":{"line":11,"column":5}},"loc":{"start":{"line":11,"column":18},"end":{"line":16,"column":5}},"line":11},"1":{"name":"(anonymous_1)","decl":{"start":{"line":18,"column":21},"end":{"line":18,"column":22}},"loc":{"start":{"line":18,"column":32},"end":{"line":21,"column":5}},"line":18},"2":{"name":"(anonymous_2)","decl":{"start":{"line":24,"column":21},"end":{"line":24,"column":22}},"loc":{"start":{"line":24,"column":27},"end":{"line":26,"column":5}},"line":24},"3":{"name":"(anonymous_3)","decl":{"start":{"line":27,"column":4},"end":{"line":27,"column":5}},"loc":{"start":{"line":27,"column":13},"end":{"line":55,"column":5}},"line":27}},"branchMap":{},"s":{"0":0,"1":0,"2":0,"3":0,"4":0,"5":0,"6":0,"7":0,"8":0,"9":0},"f":{"0":0,"1":0,"2":0,"3":0},"b":{}}
,"C:\\Users\\agaray\\Documents\\Aceyus\\testReact\\proyecto\\src\\nav\\slidebar.js": {"path":"C:\\Users\\agaray\\Documents\\Aceyus\\testReact\\proyecto\\src\\nav\\slidebar.js","statementMap":{"0":{"start":{"line":15,"column":18},"end":{"line":116,"column":1}},"1":{"start":{"line":16,"column":42},"end":{"line":16,"column":57}},"2":{"start":{"line":17,"column":21},"end":{"line":17,"column":40}},"3":{"start":{"line":18,"column":30},"end":{"line":18,"column":89}},"4":{"start":{"line":20,"column":26},"end":{"line":22,"column":5}},"5":{"start":{"line":21,"column":8},"end":{"line":21,"column":37}},"6":{"start":{"line":24,"column":26},"end":{"line":34,"column":5}},"7":{"start":{"line":35,"column":23},"end":{"line":44,"column":5}},"8":{"start":{"line":46,"column":23},"end":{"line":48,"column":5}},"9":{"start":{"line":49,"column":31},"end":{"line":58,"column":5}},"10":{"start":{"line":61,"column":4},"end":{"line":115,"column":6}}},"fnMap":{"0":{"name":"(anonymous_0)","decl":{"start":{"line":15,"column":18},"end":{"line":15,"column":19}},"loc":{"start":{"line":15,"column":24},"end":{"line":116,"column":1}},"line":15},"1":{"name":"(anonymous_1)","decl":{"start":{"line":20,"column":26},"end":{"line":20,"column":27}},"loc":{"start":{"line":20,"column":32},"end":{"line":22,"column":5}},"line":20}},"branchMap":{"0":{"loc":{"start":{"line":18,"column":30},"end":{"line":18,"column":89}},"type":"binary-expr","locations":[{"start":{"line":18,"column":30},"end":{"line":18,"column":55}},{"start":{"line":18,"column":59},"end":{"line":18,"column":89}}],"line":18},"1":{"loc":{"start":{"line":25,"column":15},"end":{"line":25,"column":45}},"type":"cond-expr","locations":[{"start":{"line":25,"column":29},"end":{"line":25,"column":35}},{"start":{"line":25,"column":38},"end":{"line":25,"column":45}}],"line":25},"2":{"loc":{"start":{"line":41,"column":20},"end":{"line":41,"column":53}},"type":"cond-expr","locations":[{"start":{"line":41,"column":34},"end":{"line":41,"column":42}},{"start":{"line":41,"column":45},"end":{"line":41,"column":53}}],"line":41},"3":{"loc":{"start":{"line":56,"column":14},"end":{"line":56,"column":44}},"type":"cond-expr","locations":[{"start":{"line":56,"column":28},"end":{"line":56,"column":34}},{"start":{"line":56,"column":37},"end":{"line":56,"column":44}}],"line":56},"4":{"loc":{"start":{"line":63,"column":28},"end":{"line":63,"column":83}},"type":"cond-expr","locations":[{"start":{"line":63,"column":48},"end":{"line":63,"column":61}},{"start":{"line":63,"column":64},"end":{"line":63,"column":83}}],"line":63},"5":{"loc":{"start":{"line":65,"column":25},"end":{"line":65,"column":127}},"type":"cond-expr","locations":[{"start":{"line":65,"column":39},"end":{"line":65,"column":82}},{"start":{"line":65,"column":85},"end":{"line":65,"column":127}}],"line":65},"6":{"loc":{"start":{"line":70,"column":33},"end":{"line":70,"column":101}},"type":"cond-expr","locations":[{"start":{"line":70,"column":47},"end":{"line":70,"column":87}},{"start":{"line":70,"column":90},"end":{"line":70,"column":101}}],"line":70},"7":{"loc":{"start":{"line":75,"column":33},"end":{"line":75,"column":97}},"type":"cond-expr","locations":[{"start":{"line":75,"column":47},"end":{"line":75,"column":84}},{"start":{"line":75,"column":87},"end":{"line":75,"column":97}}],"line":75},"8":{"loc":{"start":{"line":81,"column":33},"end":{"line":81,"column":116}},"type":"cond-expr","locations":[{"start":{"line":81,"column":47},"end":{"line":81,"column":94}},{"start":{"line":81,"column":97},"end":{"line":81,"column":116}}],"line":81},"9":{"loc":{"start":{"line":86,"column":33},"end":{"line":86,"column":105}},"type":"cond-expr","locations":[{"start":{"line":86,"column":47},"end":{"line":86,"column":84}},{"start":{"line":86,"column":87},"end":{"line":86,"column":105}}],"line":86},"10":{"loc":{"start":{"line":106,"column":33},"end":{"line":106,"column":101}},"type":"cond-expr","locations":[{"start":{"line":106,"column":47},"end":{"line":106,"column":88}},{"start":{"line":106,"column":91},"end":{"line":106,"column":101}}],"line":106}},"s":{"0":0,"1":0,"2":0,"3":0,"4":0,"5":0,"6":0,"7":0,"8":0,"9":0,"10":0},"f":{"0":0,"1":0},"b":{"0":[0,0],"1":[0,0],"2":[0,0],"3":[0,0],"4":[0,0],"5":[0,0],"6":[0,0],"7":[0,0],"8":[0,0],"9":[0,0],"10":[0,0]}}
,"C:\\Users\\agaray\\Documents\\Aceyus\\testReact\\proyecto\\src\\usuarios\\users.js": {"path":"C:\\Users\\agaray\\Documents\\Aceyus\\testReact\\proyecto\\src\\usuarios\\users.js","statementMap":{"0":{"start":{"line":3,"column":4},"end":{"line":8,"column":6}}},"fnMap":{"0":{"name":"Users","decl":{"start":{"line":1,"column":9},"end":{"line":1,"column":14}},"loc":{"start":{"line":1,"column":17},"end":{"line":12,"column":1}},"line":1}},"branchMap":{},"s":{"0":0},"f":{"0":0},"b":{}}
}
