TN:
SF:src\App.js
FN:18,App
FNF:1
FNH:0
FNDA:0,App
DA:19,0
LF:1
LH:0
BRF:0
BRH:0
end_of_record
TN:
SF:src\index.js
FNF:0
FNH:0
DA:10,0
DA:11,0
DA:22,0
LF:3
LH:0
BRF:0
BRH:0
end_of_record
TN:
SF:src\dash\dashaceyus.js
FN:15,(anonymous_0)
FN:48,(anonymous_1)
FN:50,(anonymous_2)
FN:118,(anonymous_3)
FN:136,(anonymous_4)
FN:142,(anonymous_5)
FN:145,(anonymous_6)
FN:146,(anonymous_7)
FN:185,(anonymous_8)
FN:218,(anonymous_9)
FNF:10
FNH:0
FNDA:0,(anonymous_0)
FNDA:0,(anonymous_1)
FNDA:0,(anonymous_2)
FNDA:0,(anonymous_3)
FNDA:0,(anonymous_4)
FNDA:0,(anonymous_5)
FNDA:0,(anonymous_6)
FNDA:0,(anonymous_7)
FNDA:0,(anonymous_8)
FNDA:0,(anonymous_9)
DA:15,0
DA:16,0
DA:17,0
DA:18,0
DA:19,0
DA:20,0
DA:21,0
DA:22,0
DA:23,0
DA:24,0
DA:25,0
DA:26,0
DA:27,0
DA:28,0
DA:29,0
DA:30,0
DA:31,0
DA:32,0
DA:33,0
DA:34,0
DA:35,0
DA:36,0
DA:37,0
DA:38,0
DA:39,0
DA:40,0
DA:41,0
DA:42,0
DA:43,0
DA:44,0
DA:45,0
DA:46,0
DA:48,0
DA:49,0
DA:51,0
DA:52,0
DA:53,0
DA:54,0
DA:55,0
DA:56,0
DA:57,0
DA:58,0
DA:59,0
DA:60,0
DA:61,0
DA:62,0
DA:63,0
DA:64,0
DA:65,0
DA:66,0
DA:67,0
DA:68,0
DA:69,0
DA:70,0
DA:71,0
DA:72,0
DA:73,0
DA:74,0
DA:75,0
DA:76,0
DA:78,0
DA:79,0
DA:80,0
DA:81,0
DA:82,0
DA:83,0
DA:85,0
DA:86,0
DA:87,0
DA:88,0
DA:89,0
DA:90,0
DA:91,0
DA:92,0
DA:93,0
DA:94,0
DA:95,0
DA:96,0
DA:97,0
DA:98,0
DA:99,0
DA:100,0
DA:101,0
DA:102,0
DA:103,0
DA:104,0
DA:105,0
DA:106,0
DA:107,0
DA:108,0
DA:109,0
DA:110,0
DA:111,0
DA:112,0
DA:113,0
DA:114,0
DA:119,0
DA:127,0
DA:133,0
DA:136,0
DA:142,0
DA:145,0
DA:146,0
DA:148,0
DA:165,0
DA:186,0
DA:200,0
DA:216,0
DA:221,0
DA:223,0
DA:229,0
DA:254,0
DA:266,0
DA:270,0
DA:274,0
DA:278,0
DA:282,0
DA:286,0
DA:290,0
DA:295,0
DA:302,0
DA:318,0
DA:323,0
DA:327,0
DA:334,0
DA:338,0
DA:342,0
DA:345,0
DA:349,0
DA:353,0
DA:357,0
DA:363,0
DA:370,0
DA:376,0
DA:384,0
DA:392,0
DA:400,0
DA:408,0
DA:412,0
DA:414,0
DA:415,0
DA:416,0
DA:417,0
DA:420,0
DA:421,0
DA:422,0
DA:423,0
DA:424,0
DA:427,0
DA:431,0
DA:435,0
DA:439,0
DA:447,0
DA:452,0
DA:459,0
DA:466,0
DA:473,0
DA:478,0
DA:479,0
DA:480,0
DA:481,0
DA:482,0
DA:483,0
DA:484,0
DA:485,0
DA:486,0
DA:487,0
DA:488,0
DA:489,0
DA:490,0
DA:491,0
DA:492,0
DA:493,0
DA:497,0
LF:174
LH:0
BRDA:371,0,0,0
BRDA:371,0,1,0
BRDA:377,1,0,0
BRDA:377,1,1,0
BRDA:385,2,0,0
BRDA:385,2,1,0
BRDA:393,3,0,0
BRDA:393,3,1,0
BRDA:401,4,0,0
BRDA:401,4,1,0
BRDA:409,5,0,0
BRDA:409,5,1,0
BRDA:414,6,0,0
BRDA:414,6,1,0
BRDA:416,7,0,0
BRDA:416,7,1,0
BRDA:421,8,0,0
BRDA:421,8,1,0
BRDA:423,9,0,0
BRDA:423,9,1,0
BRDA:423,10,0,0
BRDA:423,10,1,0
BRF:22
BRH:0
end_of_record
TN:
SF:src\dash\dashboard.js
FN:11,Dash
FN:20,(anonymous_1)
FN:23,(anonymous_2)
FN:42,(anonymous_3)
FN:48,(anonymous_4)
FN:57,(anonymous_5)
FN:63,(anonymous_6)
FN:69,(anonymous_7)
FN:75,(anonymous_8)
FN:79,(anonymous_9)
FNF:10
FNH:0
FNDA:0,Dash
FNDA:0,(anonymous_1)
FNDA:0,(anonymous_2)
FNDA:0,(anonymous_3)
FNDA:0,(anonymous_4)
FNDA:0,(anonymous_5)
FNDA:0,(anonymous_6)
FNDA:0,(anonymous_7)
FNDA:0,(anonymous_8)
FNDA:0,(anonymous_9)
DA:9,0
DA:12,0
DA:13,0
DA:14,0
DA:15,0
DA:16,0
DA:17,0
DA:20,0
DA:22,0
DA:24,0
DA:25,0
DA:26,0
DA:27,0
DA:28,0
DA:29,0
DA:30,0
DA:32,0
DA:34,0
DA:43,0
DA:47,0
DA:49,0
DA:50,0
DA:51,0
DA:54,0
DA:58,0
DA:62,0
DA:64,0
DA:66,0
DA:67,0
DA:70,0
DA:74,0
DA:76,0
DA:77,0
DA:80,0
DA:87,0
DA:100,0
DA:114,0
DA:129,0
DA:144,0
DA:151,0
LF:40
LH:0
BRDA:32,0,0,0
BRDA:32,0,1,0
BRDA:209,1,0,0
BRDA:209,1,1,0
BRDA:219,2,0,0
BRDA:219,2,1,0
BRF:6
BRH:0
end_of_record
TN:
SF:src\dash\import React, { useEffect, useState } fr.js
FN:10,Dash
FN:18,(anonymous_1)
FN:77,(anonymous_2)
FN:80,(anonymous_3)
FN:84,(anonymous_4)
FNF:5
FNH:0
FNDA:0,Dash
FNDA:0,(anonymous_1)
FNDA:0,(anonymous_2)
FNDA:0,(anonymous_3)
FNDA:0,(anonymous_4)
DA:8,0
DA:11,0
DA:12,0
DA:13,0
DA:14,0
DA:15,0
DA:16,0
DA:18,0
DA:19,0
DA:21,0
DA:22,0
DA:23,0
DA:24,0
DA:26,0
DA:27,0
DA:29,0
DA:31,0
DA:39,0
DA:42,0
DA:44,0
DA:45,0
DA:46,0
DA:47,0
DA:50,0
DA:52,0
DA:55,0
DA:57,0
DA:58,0
DA:60,0
DA:61,0
DA:63,0
DA:66,0
DA:68,0
DA:69,0
DA:71,0
DA:73,0
DA:77,0
DA:78,0
DA:80,0
DA:81,0
DA:84,0
DA:87,0
DA:100,0
DA:115,0
DA:130,0
DA:137,0
DA:144,0
DA:148,0
LF:48
LH:0
BRDA:29,0,0,0
BRDA:29,0,1,0
BRDA:194,1,0,0
BRDA:194,1,1,0
BRDA:204,2,0,0
BRDA:204,2,1,0
BRF:6
BRH:0
end_of_record
TN:
SF:src\dash\style.js
FN:1,(anonymous_0)
FNF:1
FNH:0
FNDA:0,(anonymous_0)
DA:1,0
DA:3,0
DA:17,0
DA:31,0
DA:45,0
DA:59,0
DA:73,0
DA:86,0
DA:102,0
DA:106,0
DA:113,0
DA:117,0
DA:120,0
DA:124,0
DA:128,0
DA:132,0
LF:16
LH:0
BRF:0
BRH:0
end_of_record
TN:
SF:src\dowloadFiles\reports.js
FN:6,(anonymous_0)
FN:11,(anonymous_1)
FN:15,(anonymous_2)
FN:18,(anonymous_3)
FN:19,(anonymous_4)
FN:26,(anonymous_5)
FN:34,(anonymous_6)
FN:45,(anonymous_7)
FN:52,(anonymous_8)
FN:54,(anonymous_9)
FNF:10
FNH:0
FNDA:0,(anonymous_0)
FNDA:0,(anonymous_1)
FNDA:0,(anonymous_2)
FNDA:0,(anonymous_3)
FNDA:0,(anonymous_4)
FNDA:0,(anonymous_5)
FNDA:0,(anonymous_6)
FNDA:0,(anonymous_7)
FNDA:0,(anonymous_8)
FNDA:0,(anonymous_9)
DA:6,0
DA:7,0
DA:8,0
DA:9,0
DA:11,0
DA:12,0
DA:15,0
DA:16,0
DA:17,0
DA:18,0
DA:20,0
DA:21,0
DA:22,0
DA:23,0
DA:24,0
DA:27,0
DA:31,0
DA:32,0
DA:34,0
DA:35,0
DA:38,0
DA:46,0
DA:53,0
DA:55,0
LF:24
LH:0
BRDA:44,0,0,0
BRDA:44,0,1,0
BRDA:51,1,0,0
BRDA:51,1,1,0
BRDA:63,2,0,0
BRDA:63,2,1,0
BRF:6
BRH:0
end_of_record
TN:
SF:src\error\error.js
FN:5,(anonymous_0)
FNF:1
FNH:0
FNDA:0,(anonymous_0)
DA:6,0
LF:1
LH:0
BRF:0
BRH:0
end_of_record
TN:
SF:src\footer\footer.js
FN:4,(anonymous_0)
FNF:1
FNH:0
FNDA:0,(anonymous_0)
DA:5,0
LF:1
LH:0
BRF:0
BRH:0
end_of_record
TN:
SF:src\login\login.js
FN:18,(anonymous_0)
FN:24,(anonymous_1)
FN:79,(anonymous_2)
FN:88,(anonymous_3)
FNF:4
FNH:0
FNDA:0,(anonymous_0)
FNDA:0,(anonymous_1)
FNDA:0,(anonymous_2)
FNDA:0,(anonymous_3)
DA:7,0
DA:11,0
DA:18,0
DA:19,0
DA:20,0
DA:21,0
DA:22,0
DA:24,0
DA:25,0
DA:26,0
DA:27,0
DA:28,0
DA:33,0
DA:34,0
DA:35,0
DA:38,0
DA:46,0
DA:47,0
DA:48,0
DA:49,0
DA:50,0
DA:51,0
DA:54,0
DA:55,0
DA:58,0
DA:59,0
DA:63,0
DA:64,0
DA:67,0
DA:79,0
DA:88,0
LF:31
LH:0
BRDA:46,0,0,0
BRDA:46,0,1,0
BRDA:50,1,0,0
BRDA:50,1,1,0
BRDA:63,2,0,0
BRDA:63,2,1,0
BRDA:91,3,0,0
BRDA:91,3,1,0
BRF:8
BRH:0
end_of_record
TN:
SF:src\monitoreoBD\monitoreoBases.js
FN:5,MonitoreoBases
FN:10,(anonymous_1)
FN:12,(anonymous_2)
FN:16,(anonymous_3)
FN:22,(anonymous_4)
FN:24,(anonymous_5)
FN:28,(anonymous_6)
FN:52,(anonymous_7)
FN:77,(anonymous_8)
FNF:9
FNH:0
FNDA:0,MonitoreoBases
FNDA:0,(anonymous_1)
FNDA:0,(anonymous_2)
FNDA:0,(anonymous_3)
FNDA:0,(anonymous_4)
FNDA:0,(anonymous_5)
FNDA:0,(anonymous_6)
FNDA:0,(anonymous_7)
FNDA:0,(anonymous_8)
DA:6,0
DA:7,0
DA:8,0
DA:10,0
DA:11,0
DA:13,0
DA:14,0
DA:17,0
DA:18,0
DA:22,0
DA:23,0
DA:25,0
DA:26,0
DA:29,0
DA:33,0
DA:34,0
DA:37,0
DA:53,0
DA:78,0
LF:19
LH:0
BRDA:33,0,0,0
BRDA:33,0,1,0
BRF:2
BRH:0
end_of_record
TN:
SF:src\monitoreoBD\monitoreoDiscos.js
FN:6,MonitoreoDiscos
FN:11,(anonymous_1)
FN:13,(anonymous_2)
FN:19,(anonymous_3)
FN:30,(anonymous_4)
FN:70,(anonymous_5)
FN:96,(anonymous_6)
FNF:7
FNH:0
FNDA:0,MonitoreoDiscos
FNDA:0,(anonymous_1)
FNDA:0,(anonymous_2)
FNDA:0,(anonymous_3)
FNDA:0,(anonymous_4)
FNDA:0,(anonymous_5)
FNDA:0,(anonymous_6)
DA:7,0
DA:8,0
DA:11,0
DA:12,0
DA:14,0
DA:15,0
DA:16,0
DA:18,0
DA:19,0
DA:22,0
DA:23,0
DA:24,0
DA:25,0
DA:27,0
DA:28,0
DA:30,0
DA:31,0
DA:32,0
DA:35,0
DA:36,0
DA:38,0
DA:39,0
DA:41,0
DA:48,0
DA:71,0
DA:72,0
DA:78,0
DA:79,0
DA:82,0
DA:97,0
LF:30
LH:0
BRDA:22,0,0,0
BRDA:22,0,1,0
BRDA:78,1,0,0
BRDA:78,1,1,0
BRF:4
BRH:0
end_of_record
TN:
SF:src\monitoreoBD\monitoreoInformix.js
FN:7,MonitoreoInformix
FN:11,(anonymous_1)
FN:13,(anonymous_2)
FN:18,(anonymous_3)
FN:29,(anonymous_4)
FN:64,(anonymous_5)
FN:87,(anonymous_6)
FNF:7
FNH:0
FNDA:0,MonitoreoInformix
FNDA:0,(anonymous_1)
FNDA:0,(anonymous_2)
FNDA:0,(anonymous_3)
FNDA:0,(anonymous_4)
FNDA:0,(anonymous_5)
FNDA:0,(anonymous_6)
DA:8,0
DA:9,0
DA:11,0
DA:12,0
DA:14,0
DA:15,0
DA:16,0
DA:17,0
DA:18,0
DA:21,0
DA:22,0
DA:23,0
DA:24,0
DA:26,0
DA:27,0
DA:29,0
DA:30,0
DA:31,0
DA:34,0
DA:35,0
DA:37,0
DA:38,0
DA:40,0
DA:43,0
DA:65,0
DA:66,0
DA:70,0
DA:71,0
DA:74,0
DA:88,0
LF:30
LH:0
BRDA:21,0,0,0
BRDA:21,0,1,0
BRDA:70,1,0,0
BRDA:70,1,1,0
BRF:4
BRH:0
end_of_record
TN:
SF:src\monitoreoBD\monitoreoListener.js
FN:6,MonitoreoListener
FN:10,(anonymous_1)
FN:12,(anonymous_2)
FN:16,(anonymous_3)
FN:40,(anonymous_4)
FNF:5
FNH:0
FNDA:0,MonitoreoListener
FNDA:0,(anonymous_1)
FNDA:0,(anonymous_2)
FNDA:0,(anonymous_3)
FNDA:0,(anonymous_4)
DA:7,0
DA:8,0
DA:10,0
DA:11,0
DA:13,0
DA:14,0
DA:17,0
DA:18,0
DA:21,0
DA:22,0
DA:25,0
DA:41,0
LF:12
LH:0
BRDA:21,0,0,0
BRDA:21,0,1,0
BRF:2
BRH:0
end_of_record
TN:
SF:src\monitoreoBD\monitoreoLogs.js
FN:6,MonitoreoLogs
FN:10,(anonymous_1)
FN:12,(anonymous_2)
FN:17,(anonymous_3)
FN:28,(anonymous_4)
FN:67,(anonymous_5)
FN:92,(anonymous_6)
FNF:7
FNH:0
FNDA:0,MonitoreoLogs
FNDA:0,(anonymous_1)
FNDA:0,(anonymous_2)
FNDA:0,(anonymous_3)
FNDA:0,(anonymous_4)
FNDA:0,(anonymous_5)
FNDA:0,(anonymous_6)
DA:7,0
DA:8,0
DA:10,0
DA:11,0
DA:13,0
DA:14,0
DA:16,0
DA:17,0
DA:19,0
DA:20,0
DA:21,0
DA:22,0
DA:23,0
DA:25,0
DA:26,0
DA:28,0
DA:29,0
DA:30,0
DA:33,0
DA:34,0
DA:36,0
DA:37,0
DA:39,0
DA:46,0
DA:68,0
DA:69,0
DA:73,0
DA:74,0
DA:77,0
DA:93,0
LF:30
LH:0
BRDA:20,0,0,0
BRDA:20,0,1,0
BRDA:73,1,0,0
BRDA:73,1,1,0
BRF:4
BRH:0
end_of_record
TN:
SF:src\monitoreoBD\monitoreoSMCC.js
FN:1,(anonymous_0)
FNF:1
FNH:0
FNDA:0,(anonymous_0)
DA:1,0
DA:2,0
LF:2
LH:0
BRF:0
BRH:0
end_of_record
TN:
SF:src\nav\layout.js
FN:8,(anonymous_0)
FNF:1
FNH:0
FNDA:0,(anonymous_0)
DA:8,0
DA:9,0
LF:2
LH:0
BRF:0
BRH:0
end_of_record
TN:
SF:src\nav\navbar.js
FN:11,(anonymous_0)
FN:18,(anonymous_1)
FN:24,(anonymous_2)
FN:27,(anonymous_3)
FNF:4
FNH:0
FNDA:0,(anonymous_0)
FNDA:0,(anonymous_1)
FNDA:0,(anonymous_2)
FNDA:0,(anonymous_3)
DA:6,0
DA:12,0
DA:13,0
DA:18,0
DA:19,0
DA:20,0
DA:24,0
DA:25,0
DA:29,0
DA:31,0
LF:10
LH:0
BRF:0
BRH:0
end_of_record
TN:
SF:src\nav\slidebar.js
FN:15,(anonymous_0)
FN:20,(anonymous_1)
FNF:2
FNH:0
FNDA:0,(anonymous_0)
FNDA:0,(anonymous_1)
DA:15,0
DA:16,0
DA:17,0
DA:18,0
DA:20,0
DA:21,0
DA:24,0
DA:35,0
DA:46,0
DA:49,0
DA:61,0
LF:11
LH:0
BRDA:18,0,0,0
BRDA:18,0,1,0
BRDA:25,1,0,0
BRDA:25,1,1,0
BRDA:41,2,0,0
BRDA:41,2,1,0
BRDA:56,3,0,0
BRDA:56,3,1,0
BRDA:63,4,0,0
BRDA:63,4,1,0
BRDA:65,5,0,0
BRDA:65,5,1,0
BRDA:70,6,0,0
BRDA:70,6,1,0
BRDA:75,7,0,0
BRDA:75,7,1,0
BRDA:81,8,0,0
BRDA:81,8,1,0
BRDA:86,9,0,0
BRDA:86,9,1,0
BRDA:106,10,0,0
BRDA:106,10,1,0
BRF:22
BRH:0
end_of_record
TN:
SF:src\usuarios\users.js
FN:1,Users
FNF:1
FNH:0
FNDA:0,Users
DA:3,0
LF:1
LH:0
BRF:0
BRH:0
end_of_record
